[    0.000000] Initializing cgroup subsys cpuset
[    0.000000] Initializing cgroup subsys cpu
[    0.000000] Initializing cgroup subsys cpuacct
[    0.000000] Linux version 4.4.0-148-generic (buildd@lgw01-amd64-031) (gcc version 5.4.0 20160609 (Ubuntu 5.4.0-6ubuntu1~16.04.10) ) #174-Ubuntu SMP Tue May 7 12:20:14 UTC 2019 (Ubuntu 4.4.0-148.174-generic 4.4.177)
[    0.000000] Command line: BOOT_IMAGE=/boot/vmlinuz-4.4.0-148-generic root=LABEL=cloudimg-rootfs ro console=tty1 console=ttyS0
[    0.000000] KERNEL supported cpus:
[    0.000000]   Intel GenuineIntel
[    0.000000]   AMD AuthenticAMD
[    0.000000]   Centaur CentaurHauls
[    0.000000] x86/fpu: xstate_offset[2]:  576, xstate_sizes[2]:  256
[    0.000000] x86/fpu: Supporting XSAVE feature 0x01: 'x87 floating point registers'
[    0.000000] x86/fpu: Supporting XSAVE feature 0x02: 'SSE registers'
[    0.000000] x86/fpu: Supporting XSAVE feature 0x04: 'AVX registers'
[    0.000000] x86/fpu: Enabled xstate features 0x7, context size is 832 bytes, using 'standard' format.
[    0.000000] e820: BIOS-provided physical RAM map:
[    0.000000] BIOS-e820: [mem 0x0000000000000000-0x000000000009fbff] usable
[    0.000000] BIOS-e820: [mem 0x000000000009fc00-0x000000000009ffff] reserved
[    0.000000] BIOS-e820: [mem 0x00000000000f0000-0x00000000000fffff] reserved
[    0.000000] BIOS-e820: [mem 0x0000000000100000-0x000000003ffeffff] usable
[    0.000000] BIOS-e820: [mem 0x000000003fff0000-0x000000003fffffff] ACPI data
[    0.000000] BIOS-e820: [mem 0x00000000fec00000-0x00000000fec00fff] reserved
[    0.000000] BIOS-e820: [mem 0x00000000fee00000-0x00000000fee00fff] reserved
[    0.000000] BIOS-e820: [mem 0x00000000fffc0000-0x00000000ffffffff] reserved
[    0.000000] NX (Execute Disable) protection: active
[    0.000000] SMBIOS 2.5 present.
[    0.000000] Hypervisor detected: KVM
[    0.000000] e820: last_pfn = 0x3fff0 max_arch_pfn = 0x400000000
[    0.000000] MTRR: Disabled
[    0.000000] x86/PAT: MTRRs disabled, skipping PAT initialization too.
[    0.000000] CPU MTRRs all blank - virtualized system.
[    0.000000] x86/PAT: Configuration [0-7]: WB  WT  UC- UC  WB  WT  UC- UC  
[    0.000000] found SMP MP-table at [mem 0x0009fff0-0x0009ffff] mapped at [ffff88000009fff0]
[    0.000000] Scanning 1 areas for low memory corruption
[    0.000000] RAMDISK: [mem 0x362fc000-0x37175fff]
[    0.000000] ACPI: Early table checksum verification disabled
[    0.000000] ACPI: RSDP 0x00000000000E0000 000024 (v02 VBOX  )
[    0.000000] ACPI: XSDT 0x000000003FFF0030 00003C (v01 VBOX   VBOXXSDT 00000001 ASL  00000061)
[    0.000000] ACPI: FACP 0x000000003FFF00F0 0000F4 (v04 VBOX   VBOXFACP 00000001 ASL  00000061)
[    0.000000] ACPI: DSDT 0x000000003FFF0470 0022EA (v02 VBOX   VBOXBIOS 00000002 INTL 20100528)
[    0.000000] ACPI: FACS 0x000000003FFF0200 000040
[    0.000000] ACPI: FACS 0x000000003FFF0200 000040
[    0.000000] ACPI: APIC 0x000000003FFF0240 000054 (v02 VBOX   VBOXAPIC 00000001 ASL  00000061)
[    0.000000] ACPI: SSDT 0x000000003FFF02A0 0001CC (v01 VBOX   VBOXCPUT 00000002 INTL 20100528)
[    0.000000] No NUMA configuration found
[    0.000000] Faking a node at [mem 0x0000000000000000-0x000000003ffeffff]
[    0.000000] NODE_DATA(0) allocated [mem 0x3ffeb000-0x3ffeffff]
[    0.000000] kvm-clock: Using msrs 4b564d01 and 4b564d00
[    0.000000] kvm-clock: cpu 0, msr 0:3ffe3001, primary cpu clock
[    0.000000] kvm-clock: using sched offset of 3827564348 cycles
[    0.000000] clocksource: kvm-clock: mask: 0xffffffffffffffff max_cycles: 0x1cd42e4dffb, max_idle_ns: 881590591483 ns
[    0.000000] Zone ranges:
[    0.000000]   DMA      [mem 0x0000000000001000-0x0000000000ffffff]
[    0.000000]   DMA32    [mem 0x0000000001000000-0x000000003ffeffff]
[    0.000000]   Normal   empty
[    0.000000]   Device   empty
[    0.000000] Movable zone start for each node
[    0.000000] Early memory node ranges
[    0.000000]   node   0: [mem 0x0000000000001000-0x000000000009efff]
[    0.000000]   node   0: [mem 0x0000000000100000-0x000000003ffeffff]
[    0.000000] Initmem setup node 0 [mem 0x0000000000001000-0x000000003ffeffff]
[    0.000000] ACPI: PM-Timer IO Port: 0x4008
[    0.000000] IOAPIC[0]: apic_id 1, version 32, address 0xfec00000, GSI 0-23
[    0.000000] ACPI: INT_SRC_OVR (bus 0 bus_irq 0 global_irq 2 dfl dfl)
[    0.000000] ACPI: INT_SRC_OVR (bus 0 bus_irq 9 global_irq 9 low level)
[    0.000000] Using ACPI (MADT) for SMP configuration information
[    0.000000] smpboot: Allowing 1 CPUs, 0 hotplug CPUs
[    0.000000] PM: Registered nosave memory: [mem 0x00000000-0x00000fff]
[    0.000000] PM: Registered nosave memory: [mem 0x0009f000-0x0009ffff]
[    0.000000] PM: Registered nosave memory: [mem 0x000a0000-0x000effff]
[    0.000000] PM: Registered nosave memory: [mem 0x000f0000-0x000fffff]
[    0.000000] e820: [mem 0x40000000-0xfebfffff] available for PCI devices
[    0.000000] Booting paravirtualized kernel on KVM
[    0.000000] clocksource: refined-jiffies: mask: 0xffffffff max_cycles: 0xffffffff, max_idle_ns: 7645519600211568 ns
[    0.000000] setup_percpu: NR_CPUS:512 nr_cpumask_bits:512 nr_cpu_ids:1 nr_node_ids:1
[    0.000000] PERCPU: Embedded 34 pages/cpu @ffff88003fc00000 s99480 r8192 d31592 u2097152
[    0.000000] Built 1 zonelists in Node order, mobility grouping on.  Total pages: 257912
[    0.000000] Policy zone: DMA32
[    0.000000] Kernel command line: BOOT_IMAGE=/boot/vmlinuz-4.4.0-148-generic root=LABEL=cloudimg-rootfs ro console=tty1 console=ttyS0
[    0.000000] PID hash table entries: 4096 (order: 3, 32768 bytes)
[    0.000000] Memory: 997872K/1048120K available (8609K kernel code, 1334K rwdata, 4028K rodata, 1484K init, 1284K bss, 50248K reserved, 0K cma-reserved)
[    0.000000] SLUB: HWalign=64, Order=0-3, MinObjects=0, CPUs=1, Nodes=1
[    0.000000] Kernel/User page tables isolation: enabled
[    0.000000] Hierarchical RCU implementation.
[    0.000000] 	Build-time adjustment of leaf fanout to 64.
[    0.000000] 	RCU restricting CPUs from NR_CPUS=512 to nr_cpu_ids=1.
[    0.000000] RCU: Adjusting geometry for rcu_fanout_leaf=64, nr_cpu_ids=1
[    0.000000] NR_IRQS:33024 nr_irqs:256 16
[    0.000000] Console: colour VGA+ 80x25
[    0.000000] console [tty1] enabled
[    0.000000] console [ttyS0] enabled
[    0.000000] tsc: Detected 2711.998 MHz processor
[    0.259801] Calibrating delay loop (skipped) preset value.. 5423.99 BogoMIPS (lpj=10847992)
[    0.261676] pid_max: default: 32768 minimum: 301
[    0.262683] ACPI: Core revision 20150930
[    0.265743] ACPI: 2 ACPI AML tables successfully acquired and loaded
[    0.267571] Security Framework initialized
[    0.269212] Yama: becoming mindful.
[    0.270790] AppArmor: AppArmor initialized
[    0.272796] Dentry cache hash table entries: 131072 (order: 8, 1048576 bytes)
[    0.281461] Inode-cache hash table entries: 65536 (order: 7, 524288 bytes)
[    0.283657] Mount-cache hash table entries: 2048 (order: 2, 16384 bytes)
[    0.285660] Mountpoint-cache hash table entries: 2048 (order: 2, 16384 bytes)
[    0.287800] Initializing cgroup subsys io
[    0.288939] Initializing cgroup subsys memory
[    0.290231] Initializing cgroup subsys devices
[    0.291519] Initializing cgroup subsys freezer
[    0.292846] Initializing cgroup subsys net_cls
[    0.294165] Initializing cgroup subsys perf_event
[    0.295439] Initializing cgroup subsys net_prio
[    0.296794] Initializing cgroup subsys hugetlb
[    0.297996] Initializing cgroup subsys pids
[    0.300956] mce: CPU supports 0 MCE banks
[    0.302070] process: using mwait in idle threads
[    0.303133] Last level iTLB entries: 4KB 64, 2MB 8, 4MB 8
[    0.304314] Last level dTLB entries: 4KB 64, 2MB 0, 4MB 0, 1GB 4
[    0.305541] Spectre V2 : Mitigation: Full generic retpoline
[    0.306679] Spectre V2 : Spectre v2 / SpectreRSB mitigation: Filling RSB on context switch
[    0.308500] Speculative Store Bypass: Vulnerable
[    0.309767] MDS: Vulnerable: Clear CPU buffers attempted, no microcode
[    0.375781] Freeing SMP alternatives memory: 36K
[    0.393167] ftrace: allocating 32293 entries in 127 pages
[    0.551910] smpboot: APIC(0) Converting physical 0 to logical package 0
[    0.555463] smpboot: Max logical packages: 1
[    0.557852] x2apic enabled
[    0.560159] Switched APIC routing to physical x2apic.
[    0.565459] ..TIMER: vector=0x30 apic1=0 pin1=2 apic2=-1 pin2=-1
[    0.671259] smpboot: CPU0: Intel(R) Core(TM) i5-7300U CPU @ 2.60GHz (family: 0x6, model: 0x8e, stepping: 0x9)
[    0.674931] Performance Events: unsupported p6 CPU model 142 no PMU driver, software events only.
[    0.693797] KVM setup paravirtual spinlock
[    0.695938] x86: Booted up 1 node, 1 CPUs
[    0.697029] smpboot: Total of 1 processors activated (5423.99 BogoMIPS)
[    0.698942] devtmpfs: initialized
[    0.702527] evm: security.selinux
[    0.703602] evm: security.SMACK64
[    0.704730] evm: security.SMACK64EXEC
[    0.705801] evm: security.SMACK64TRANSMUTE
[    0.706926] evm: security.SMACK64MMAP
[    0.708317] evm: security.ima
[    0.709383] evm: security.capability
[    0.710531] clocksource: jiffies: mask: 0xffffffff max_cycles: 0xffffffff, max_idle_ns: 7645041785100000 ns
[    0.712952] futex hash table entries: 256 (order: 2, 16384 bytes)
[    0.714681] pinctrl core: initialized pinctrl subsystem
[    0.716417] RTC time: 13:30:20, date: 05/16/19
[    0.717814] NET: Registered protocol family 16
[    0.719061] cpuidle: using governor ladder
[    0.720523] cpuidle: using governor menu
[    0.721710] PCCT header not found.
[    0.722784] ACPI: bus type PCI registered
[    0.724389] acpiphp: ACPI Hot Plug PCI Controller Driver version: 0.5
[    0.726179] PCI: Using configuration type 1 for base access
[    0.729034] ACPI: Added _OSI(Module Device)
[    0.730481] ACPI: Added _OSI(Processor Device)
[    0.731694] ACPI: Added _OSI(3.0 _SCP Extensions)
[    0.732612] ACPI: Added _OSI(Processor Aggregator Device)
[    0.734435] ACPI: Executed 1 blocks of module-level executable AML code
[    0.738472] ACPI: Interpreter enabled
[    0.739608] ACPI: (supports S0 S5)
[    0.740641] ACPI: Using IOAPIC for interrupt routing
[    0.742113] PCI: Using host bridge windows from ACPI; if necessary, use "pci=nocrs" and report a bug
[    0.749359] ACPI: PCI Root Bridge [PCI0] (domain 0000 [bus 00-ff])
[    0.750963] acpi PNP0A03:00: _OSC: OS supports [ASPM ClockPM Segments MSI]
[    0.752952] acpi PNP0A03:00: _OSC: not requesting OS control; OS requires [ExtendedConfig ASPM ClockPM MSI]
[    0.754817] acpi PNP0A03:00: fail to add MMCONFIG information, can't access extended PCI configuration space under this bridge.
[    0.757453] PCI host bridge to bus 0000:00
[    0.758600] pci_bus 0000:00: root bus resource [io  0x0000-0x0cf7 window]
[    0.760471] pci_bus 0000:00: root bus resource [io  0x0d00-0xffff window]
[    0.761738] pci_bus 0000:00: root bus resource [mem 0x000a0000-0x000bffff window]
[    0.763426] pci_bus 0000:00: root bus resource [mem 0x40000000-0xfdffffff window]
[    0.765271] pci_bus 0000:00: root bus resource [bus 00-ff]
[    0.769414] pci 0000:00:01.1: legacy IDE quirk: reg 0x10: [io  0x01f0-0x01f7]
[    0.772613] pci 0000:00:01.1: legacy IDE quirk: reg 0x14: [io  0x03f6]
[    0.775558] pci 0000:00:01.1: legacy IDE quirk: reg 0x18: [io  0x0170-0x0177]
[    0.778925] pci 0000:00:01.1: legacy IDE quirk: reg 0x1c: [io  0x0376]
[    0.808635] pci 0000:00:07.0: quirk: [io  0x4000-0x403f] claimed by PIIX4 ACPI
[    0.812483] pci 0000:00:07.0: quirk: [io  0x4100-0x410f] claimed by PIIX4 SMB
[    0.855643] ACPI: PCI Interrupt Link [LNKA] (IRQs 5 9 10 *11)
[    0.858664] ACPI: PCI Interrupt Link [LNKB] (IRQs 5 9 *10 11)
[    0.862651] ACPI: PCI Interrupt Link [LNKC] (IRQs 5 *9 10 11)
[    0.866840] ACPI: PCI Interrupt Link [LNKD] (IRQs 5 9 10 *11)
[    0.870952] ACPI: Enabled 2 GPEs in block 00 to 07
[    0.874382] vgaarb: setting as boot device: PCI:0000:00:02.0
[    0.877276] vgaarb: device added: PCI:0000:00:02.0,decodes=io+mem,owns=io+mem,locks=none
[    0.881295] vgaarb: loaded
[    0.882968] vgaarb: bridge control possible 0000:00:02.0
[    0.886140] SCSI subsystem initialized
[    0.888070] ACPI: bus type USB registered
[    0.889801] usbcore: registered new interface driver usbfs
[    0.891720] usbcore: registered new interface driver hub
[    0.893710] usbcore: registered new device driver usb
[    0.895993] PCI: Using ACPI for IRQ routing
[    0.898280] NetLabel: Initializing
[    0.899762] NetLabel:  domain hash size = 128
[    0.901349] NetLabel:  protocols = UNLABELED CIPSOv4
[    0.902987] NetLabel:  unlabeled traffic allowed by default
[    0.904719] amd_nb: Cannot enumerate AMD northbridges
[    0.906233] clocksource: Switched to clocksource kvm-clock
[    0.931068] AppArmor: AppArmor Filesystem Enabled
[    0.933755] pnp: PnP ACPI init
[    0.937463] pnp: PnP ACPI: found 3 devices
[    0.953294] clocksource: acpi_pm: mask: 0xffffff max_cycles: 0xffffff, max_idle_ns: 2085701024 ns
[    0.958934] NET: Registered protocol family 2
[    0.961113] TCP established hash table entries: 8192 (order: 4, 65536 bytes)
[    0.963926] TCP bind hash table entries: 8192 (order: 5, 131072 bytes)
[    0.966439] TCP: Hash tables configured (established 8192 bind 8192)
[    0.968913] UDP hash table entries: 512 (order: 2, 16384 bytes)
[    0.971330] UDP-Lite hash table entries: 512 (order: 2, 16384 bytes)
[    0.973840] NET: Registered protocol family 1
[    0.975777] pci 0000:00:00.0: Limiting direct PCI/PCI transfers
[    0.978701] pci 0000:00:01.0: Activating ISA DMA hang workarounds
[    0.981924] Unpacking initramfs...
[    1.536990] Freeing initrd memory: 14824K
[    1.539019] clocksource: tsc: mask: 0xffffffffffffffff max_cycles: 0x27178451938, max_idle_ns: 440795251172 ns
[    1.542446] platform rtc_cmos: registered platform RTC device (no PNP device found)
[    1.546020] Scanning for low memory corruption every 60 seconds
[    1.549102] audit: initializing netlink subsys (disabled)
[    1.551681] audit: type=2000 audit(1558013426.098:1): initialized
[    1.555109] Initialise system trusted keyring
[    1.557509] HugeTLB registered 2 MB page size, pre-allocated 0 pages
[    1.569463] zbud: loaded
[    1.571205] VFS: Disk quotas dquot_6.6.0
[    1.572585] VFS: Dquot-cache hash table entries: 512 (order 0, 4096 bytes)
[    1.575023] squashfs: version 4.0 (2009/01/31) Phillip Lougher
[    1.576849] fuse init (API version 7.23)
[    1.578218] Key type big_key registered
[    1.579375] Allocating IMA MOK and blacklist keyrings.
[    1.580883] Key type asymmetric registered
[    1.582170] Asymmetric key parser 'x509' registered
[    1.583653] Block layer SCSI generic (bsg) driver version 0.4 loaded (major 249)
[    1.585784] io scheduler noop registered
[    1.587102] io scheduler deadline registered (default)
[    1.588625] io scheduler cfq registered
[    1.589791] pci_hotplug: PCI Hot Plug PCI Core version: 0.5
[    1.591092] pciehp: PCI Express Hot Plug Controller Driver version: 0.4
[    1.592650] ACPI: AC Adapter [AC] (off-line)
[    1.593846] input: Power Button as /devices/LNXSYSTM:00/LNXPWRBN:00/input/input0
[    1.595865] ACPI: Power Button [PWRF]
[    1.596900] input: Sleep Button as /devices/LNXSYSTM:00/LNXSLPBN:00/input/input1
[    1.598845] ACPI: Sleep Button [SLPF]
[    1.600718] ACPI: Battery Slot [BAT0] (battery present)
[    1.601799] GHES: HEST is not enabled!
[    1.602865] Serial: 8250/16550 driver, 32 ports, IRQ sharing enabled
[    1.625558] 00:02: ttyS0 at I/O 0x3f8 (irq = 4, base_baud = 115200) is a 16550A
[    1.631099] Linux agpgart interface v0.103
[    1.634844] loop: module loaded
[    1.637706] scsi host0: ata_piix
[    1.639595] scsi host1: ata_piix
[    1.641427] ata1: PATA max UDMA/33 cmd 0x1f0 ctl 0x3f6 bmdma 0xd000 irq 14
[    1.643820] ata2: PATA max UDMA/33 cmd 0x170 ctl 0x376 bmdma 0xd008 irq 15
[    1.647743] libphy: Fixed MDIO Bus: probed
[    1.649751] tun: Universal TUN/TAP device driver, 1.6
[    1.652306] tun: (C) 1999-2004 Max Krasnyansky <maxk@qualcomm.com>
[    1.655225] PPP generic driver version 2.4.2
[    1.657412] ehci_hcd: USB 2.0 'Enhanced' Host Controller (EHCI) Driver
[    1.660380] ehci-pci: EHCI PCI platform driver
[    1.662784] ehci-platform: EHCI generic platform driver
[    1.665045] ohci_hcd: USB 1.1 'Open' Host Controller (OHCI) Driver
[    1.667427] ohci-pci: OHCI PCI platform driver
[    1.669235] ohci-platform: OHCI generic platform driver
[    1.671400] uhci_hcd: USB Universal Host Controller Interface driver
[    1.673908] i8042: PNP: PS/2 Controller [PNP0303:PS2K,PNP0f03:PS2M] at 0x60,0x64 irq 1,12
[    1.677856] serio: i8042 KBD port at 0x60,0x64 irq 1
[    1.679813] serio: i8042 AUX port at 0x60,0x64 irq 12
[    1.682210] mousedev: PS/2 mouse device common for all mice
[    1.684601] input: AT Translated Set 2 keyboard as /devices/platform/i8042/serio0/input/input2
[    1.688434] rtc_cmos rtc_cmos: rtc core: registered rtc_cmos as rtc0
[    1.690306] rtc_cmos rtc_cmos: alarms up to one day, 114 bytes nvram
[    1.692858] i2c /dev entries driver
[    1.694997] device-mapper: uevent: version 1.0.3
[    1.697337] device-mapper: ioctl: 4.34.0-ioctl (2015-10-28) initialised: dm-devel@redhat.com
[    1.700119] ledtrig-cpu: registered to indicate activity on CPUs
[    1.702136] NET: Registered protocol family 10
[    1.703605] NET: Registered protocol family 17
[    1.704864] Key type dns_resolver registered
[    1.706261] registered taskstats version 1
[    1.707300] Loading compiled-in X.509 certificates
[    1.709454] Loaded X.509 cert 'Build time autogenerated kernel key: 5103689f9da3e841c6100f8bb032b132cf76e38d'
[    1.711725] zswap: loaded using pool lzo/zbud
[    1.714947] Key type trusted registered
[    1.719077] Key type encrypted registered
[    1.719996] AppArmor: AppArmor sha1 policy hashing enabled
[    1.721072] ima: No TPM chip found, activating TPM-bypass!
[    1.722186] ima: Allocated hash algorithm: sha1
[    1.723227] evm: HMAC attrs: 0x1
[    1.724267]   Magic number: 3:53:534
[    1.725135] tty ttyS14: hash matches
[    1.726659] rtc_cmos rtc_cmos: setting system clock to 2019-05-16 13:30:21 UTC (1558013421)
[    1.730638] BIOS EDD facility v0.16 2004-Jun-25, 0 devices found
[    1.732775] EDD information not available.
[    1.805020] Freeing unused kernel memory: 1484K
[    1.808141] Write protecting the kernel read-only data: 14336k
[    1.812519] Freeing unused kernel memory: 1620K
[    1.815299] Freeing unused kernel memory: 68K
Loading, please wait...
starting version 229
[    1.833844] random: udevadm: uninitialized urandom read (16 bytes read, 5 bits of entropy available)
[    1.836344] random: systemd-udevd: uninitialized urandom read (16 bytes read, 5 bits of entropy available)
[    1.838345] random: systemd-udevd: uninitialized urandom read (16 bytes read, 5 bits of entropy available)
[    1.841144] random: systemd-udevd: uninitialized urandom read (16 bytes read, 5 bits of entropy available)
[    1.843197] random: udevadm: uninitialized urandom read (16 bytes read, 5 bits of entropy available)
[    1.846528] random: systemd-udevd: uninitialized urandom read (16 bytes read, 5 bits of entropy available)
[    1.857537] random: systemd-udevd: uninitialized urandom read (16 bytes read, 5 bits of entropy available)
[    1.860190] random: systemd-udevd: uninitialized urandom read (16 bytes read, 5 bits of entropy available)
[    1.862206] random: systemd-udevd: uninitialized urandom read (16 bytes read, 5 bits of entropy available)
[    1.868641] random: udevadm: uninitialized urandom read (16 bytes read, 5 bits of entropy available)
[    2.015934] Fusion MPT base driver 3.04.20
[    2.017539] Copyright (c) 1999-2008 LSI Corporation
[    2.031790] e1000: Intel(R) PRO/1000 Network Driver - version 7.3.21-k8-NAPI
[    2.036029] e1000: Copyright (c) 1999-2006 Intel Corporation.
[    2.082287] Fusion MPT SPI Host driver 3.04.20
[    2.148857] AVX2 version of gcm_enc/dec engaged.
[    2.150935] AES CTR mode by8 optimization enabled
[    2.262068] input: ImExPS/2 Generic Explorer Mouse as /devices/platform/i8042/serio1/input/input4
[    2.608479] e1000 0000:00:03.0 eth0: (PCI:33MHz:32-bit) 08:00:27:8e:78:f0
[    2.611709] e1000 0000:00:03.0 eth0: Intel(R) PRO/1000 Network Connection
[    2.616250] mptbase: ioc0: Initiating bringup
[    2.679724] ioc0: LSI53C1030 A0: Capabilities={Initiator}
[    2.847036] scsi host2: ioc0: LSI53C1030 A0, FwRev=00000000h, Ports=1, MaxQ=256, IRQ=20
[    2.964309] scsi 2:0:0:0: Direct-Access     VBOX     HARDDISK         1.0  PQ: 0 ANSI: 5
[    2.966769] scsi target2:0:0: Beginning Domain Validation
[    2.970378] scsi target2:0:0: Domain Validation skipping write tests
[    2.972484] scsi target2:0:0: Ending Domain Validation
[    2.974152] scsi target2:0:0: asynchronous
[    2.975769] scsi 2:0:1:0: Direct-Access     VBOX     HARDDISK         1.0  PQ: 0 ANSI: 5
[    2.978042] scsi target2:0:1: Beginning Domain Validation
[    2.980875] scsi target2:0:1: Domain Validation skipping write tests
[    2.982505] scsi target2:0:1: Ending Domain Validation
[    2.983928] scsi target2:0:1: asynchronous
[    2.988765] sd 2:0:0:0: Attached scsi generic sg0 type 0
[    2.990116] sd 2:0:0:0: [sda] 20971520 512-byte logical blocks: (10.7 GB/10.0 GiB)
[    3.008803] sd 2:0:1:0: [sdb] 20480 512-byte logical blocks: (10.5 MB/10.0 MiB)
[    3.010997] sd 2:0:1:0: Attached scsi generic sg1 type 0
[    3.012727] sd 2:0:1:0: [sdb] Write Protect is off
[    3.020678] sd 2:0:1:0: [sdb] Incomplete mode parameter data
[    3.022887] sd 2:0:1:0: [sdb] Assuming drive cache: write through
[    3.043240] sd 2:0:0:0: [sda] Write Protect is off
[    3.050940] sd 2:0:0:0: [sda] Incomplete mode parameter data
[    3.052748] sd 2:0:0:0: [sda] Assuming drive cache: write through
[    3.055762] sd 2:0:1:0: [sdb] Attached SCSI disk
[    3.062612]  sda: sda1
[    3.075592] sd 2:0:0:0: [sda] Attached SCSI disk
[    3.480326] e1000 0000:00:08.0 eth1: (PCI:33MHz:32-bit) 08:00:27:77:ca:9d
[    3.483592] e1000 0000:00:08.0 eth1: Intel(R) PRO/1000 Network Connection
[    3.488943] e1000 0000:00:08.0 enp0s8: renamed from eth1
[    3.495351] e1000 0000:00:03.0 enp0s3: renamed from eth0
Begin: Loading essential drivers ... [    5.231137] md: linear personality registered for level -1
[    5.237083] md: multipath personality registered for level -4
[    5.242214] md: raid0 personality registered for level 0
[    5.247385] md: raid1 personality registered for level 1
[    5.322491] raid6: sse2x1   gen()  4492 MB/s
[    5.390297] raid6: sse2x1   xor()  3388 MB/s
[    5.458262] raid6: sse2x2   gen()  6056 MB/s
[    5.526502] raid6: sse2x2   xor()  4162 MB/s
[    5.594307] raid6: sse2x4   gen()  6355 MB/s
[    5.662299] raid6: sse2x4   xor()  3320 MB/s
[    5.730486] raid6: avx2x1   gen()  6413 MB/s
[    5.798346] raid6: avx2x2   gen() 16811 MB/s
[    5.866724] raid6: avx2x4   gen() 23250 MB/s
[    5.868170] raid6: using algorithm avx2x4 gen() 23250 MB/s
[    5.870168] raid6: using avx2x2 recovery algorithm
[    5.873531] xor: automatically using best checksumming function:
[    5.914387]    avx       : 23755.000 MB/sec
[    5.916914] async_tx: api initialized (async)
[    5.930233] md: raid6 personality registered for level 6
[    5.932073] md: raid5 personality registered for level 5
[    5.933162] md: raid4 personality registered for level 4
[    5.940688] md: raid10 personality registered for level 10
done.
Begin: Running /scripts/init-premount ... done.
Begin: Mounting root file system ... Begin: Running /scripts/local-top ... done.
Begin: Running /scripts/local-premount ... [    5.982565] Btrfs loaded
Scanning for Btrfs filesystems
done.
Warning: fsck not present, so skipping root file system
[    6.016809] EXT4-fs (sda1): mounted filesystem with ordered data mode. Opts: (null)
done.
Begin: Running /scripts/local-bottom ... done.
Begin: Running /scripts/init-bottom ... done.
[    6.215318] systemd[1]: systemd 229 running in system mode. (+PAM +AUDIT +SELINUX +IMA +APPARMOR +SMACK +SYSVINIT +UTMP +LIBCRYPTSETUP +GCRYPT +GNUTLS +ACL +XZ -LZ4 +SECCOMP +BLKID +ELFUTILS +KMOD -IDN)
[    6.223119] systemd[1]: Detected virtualization oracle.
[    6.224999] systemd[1]: Detected architecture x86-64.

Welcome to [1mUbuntu 16.04.6 LTS[0m!

[    6.231098] systemd[1]: Set hostname to <ubuntu>.
[    6.236045] systemd[1]: Initializing machine ID from random generator.
[    6.237839] systemd[1]: Installed transient /etc/machine-id file.
[    6.448864] systemd[1]: Listening on Device-mapper event daemon FIFOs.
[[0;32m  OK  [0m] Listening on Device-mapper event daemon FIFOs.
[    6.452771] systemd[1]: Created slice System Slice.
[[0;32m  OK  [0m] Created slice System Slice.
[    6.462767] systemd[1]: Listening on Journal Socket.
[[0;32m  OK  [0m] Listening on Journal Socket.
[    6.467471] systemd[1]: Created slice system-serial\x2dgetty.slice.
[[0;32m  OK  [0m] Created slice system-serial\x2dgetty.slice.
[    6.473398] systemd[1]: Starting Set console keymap...
         Starting Set console keymap...
[    6.486917] systemd[1]: Listening on LVM2 metadata daemon socket.
[[0;32m  OK  [0m] Listening on LVM2 metadata daemon socket.
[    6.495605] systemd[1]: Mounting Huge Pages File System...
         Mounting Huge Pages File System...
[    6.504314] systemd[1]: Created slice User and Session Slice.
[[0;32m  OK  [0m] Created slice User and Session Slice.
[    6.510788] systemd[1]: Reached target Slices.
[[0;32m  OK  [0m] Reached target Slices.
[    6.518754] systemd[1]: Listening on /dev/initctl Compatibility Named Pipe.
[[0;32m  OK  [0m] Listening on /dev/initctl Compatibility Named Pipe.
[    6.534466] systemd[1]: Reached target System Time Synchronized.
[[0;32m  OK  [0m] Reached target System Time Synchronized.
[    6.539281] systemd[1]: Starting Remount Root and Kernel File Systems...
         Starting Remount Root and Kernel File Systems...
[    6.547213] systemd[1]: Started Trigger resolvconf update for networkd DNS.
[[0;32m  OK  [0m] Started Trigger resolvconf update for networkd DNS.
[    6.558671] EXT4-fs (sda1): re-mounted. Opts: (null)
[    6.560580] systemd[1]: Mounting Debug File System...
         Mounting Debug File System...
[    6.574651] systemd[1]: Listening on Journal Socket (/dev/log).
[[0;32m  OK  [0m] Listening on Journal Socket (/dev/log).
[    6.580080] systemd[1]: Starting Create list of required static device nodes for the current kernel...
         Starting Create list of required st... nodes for the current kernel...
[    6.598464] systemd[1]: Starting Load Kernel Modules...
         Starting Load Kernel Modules...
[    6.609030] systemd[1]: Started Forward Password Requests to Wall Directory Watch.
[[0;32m  OK  [0m] Started Forward Password Requests to Wall Directory Watch.
[    6.618564] systemd[1]: Starting Monitoring of LVM2 mirrors, snapshots etc. using dmeventd or progress polling...
         Starting Monitoring of LVM2 mirrors... dmeventd or progress polling...
[    6.628125] systemd[1]: Listening on Syslog Socket.
[[0;32m  OK  [0m] Listening on Syslog Socket.
[    6.632383] systemd[1]: Listening on udev Control Socket.
[[0;32m  OK  [0m] Listening on udev Control Socket.
[    6.636335] systemd[1]: Set up automount Arbitrary Executable File Formats File System Automount Point.
[    6.641603] Loading iSCSI transport class v2.0-870.
[[0;32m  OK  [0m] Set up automount Arbitrary Executab...ats File System Automount Point.
[    6.651490] systemd[1]: Listening on LVM2 poll daemon socket.
[[0;32m  OK  [0m] Listening on LVM2 poll daemon socket.
[    6.654218] systemd[1]: Starting Uncomplicated firewall...
         Starting Uncomplicated firewall...
[    6.659194] systemd[1]: Starting Nameserver information manager...
         Starting Nameserver information manager...
[    6.666791] systemd[1]: Listening on Journal Audit Socket.
[[0;32m  OK  [0m] Listening on Journal Audit Socket.
[    6.672738] iscsi: registered transport (tcp)
[    6.676314] systemd[1]: Starting Journal Service...
         Starting Journal Service...
[    6.690694] systemd[1]: Listening on udev Kernel Socket.
[[0;32m  OK  [0m] Listening on udev Kernel Socket.
[    6.694155] systemd[1]: Reached target Swap.
[[0;32m  OK  [0m] Reached target Swap.
[    6.706609] systemd[1]: Reached target Encrypted Volumes.
[[0;32m  OK  [0m] Reached target Encrypted Volumes.
[    6.710642] random: nonblocking pool is initialized
[    6.716387] systemd[1]: Mounting POSIX Message Queue File System...
         Mounting POSIX Message Queue File System...
[    6.726453] systemd[1]: Reached target User and Group Name Lookups.
[[0;32m  OK  [0m] Reached target User and Group Name Lookups.
[    6.739704] systemd[1]: Mounted Debug File System.
[[0;32m  OK  [0m] Mounted Debug File System.
[    6.748678] systemd[1]: Mounted Huge Pages File System.
[[0;32m  OK  [0m] Mounted Huge Pages File System.
[    6.758849] systemd[1]: Mounted POSIX Message Queue File System.
[[0;32m  OK  [0m] Mounted POSIX Message Queue File System.
[    6.763910] systemd[1]: Started Remount Root and Kernel File Systems.
[[0;32m  OK  [0m] Started Remount Root and Kernel File Systems.
[    6.783609] systemd[1]: Started Create list of required static device nodes for the current kernel.
[[0;32m  OK  [0m] Started Create list of required sta...ce nodes for the current kernel.
[    6.798757] systemd[1]: Started Uncomplicated firewall.
[[0;32m  OK  [0m] Started Uncomplicated firewall.
[    6.825097] systemd[1]: Started Nameserver information manager.
[[0;32m  OK  [0m] Started Nameserver information manager.
[    6.890722] systemd[1]: Started Journal Service.
[[0;32m  OK  [0m] Started Journal Service.
[    6.924661] iscsi: registered transport (iser)
[[0;32m  OK  [0m] Started Load Kernel Modules.
[[0;32m  OK  [0m] Started Set console keymap.
         Mounting FUSE Control File System...
         Starting Apply Kernel Variables...
[[0;32m  OK  [0m] Started LVM2 metadata daemon.
         Starting Create Static Device Nodes in /dev...
         Starting udev Coldplug all Devices...
         Starting Load/Save Random Seed...
         Starting Flush Journal to Persistent Storage...
[[0;32m  OK  [0m] Mounted FUSE Control File System.
[[0;32m  OK  [0m] Started Load/Save Random Seed.
[[0;32m  OK  [0m] Started Apply Kernel Variables.
[[0;32m  OK  [0m] Started Create Static Device Nodes in /dev.
[[0;32m  OK  [0m] Started Flush Journal to Persistent Storage.
[[0;32m  OK  [0m] Started udev Coldplug all Devices.
         Starting udev Kernel Device Manager...
[[0;32m  OK  [0m] Started udev Kernel Device Manager.
[[0;32m  OK  [0m] Started Dispatch Password Requests to Console Directory Watch.
[[0;32m  OK  [0m] Started Monitoring of LVM2 mirrors,...ng dmeventd or progress polling.
[[0;32m  OK  [0m] Reached target Local File Systems (Pre).
[[0;32m  OK  [0m] Reached target Local File Systems.
         Starting Create Volatile Files and Directories...
         Starting Set console font and keymap...
         Starting Tell Plymouth To Write Out Runtime Data...
         Starting Initial cloud-init job (pre-networking)...
         Starting Commit a transient machine-id on disk...
         Starting LSB: AppArmor initialization...
[[0;32m  OK  [0m] Started Tell Plymouth To Write Out Runtime Data.
[[0;32m  OK  [0m] Started Commit a transient machine-id on disk.
[[0;32m  OK  [0m] Started Create Volatile Files and Directories.
         Starting Update UTMP about System Boot/Shutdown...
[[0;32m  OK  [0m] Started Update UTMP about System Boot/Shutdown.
[[0;32m  OK  [0m] Found device /dev/ttyS0.
[[0;32m  OK  [0m] Listening on Load/Save RF Kill Switch Status /dev/rfkill Watch.
[   12.472268] cloud-init[489]: Cloud-init v. 18.5-45-g3554ffe8-0ubuntu1~16.04.1 running 'init-local' at Thu, 16 May 2019 13:30:31 +0000. Up 10.93 seconds.
[[0;32m  OK  [0m] Started Initial cloud-init job (pre-networking).
[[0;32m  OK  [0m] Reached target Network (Pre).
[[0;32m  OK  [0m] Started Set console font and keymap.
[[0;32m  OK  [0m] Created slice system-getty.slice.
[[0;32m  OK  [0m] Started LSB: AppArmor initialization.
         Starting Raise network interfaces...
[[0;32m  OK  [0m] Started Raise network interfaces.
         Starting Initial cloud-init job (metadata service crawler)...
[[0;32m  OK  [0m] Reached target Network.
[   18.200761] cloud-init[965]: Cloud-init v. 18.5-45-g3554ffe8-0ubuntu1~16.04.1 running 'init' at Thu, 16 May 2019 13:30:37 +0000. Up 17.29 seconds.
[   18.202772] cloud-init[965]: ci-info: +++++++++++++++++++++++++++++++++++++++Net device info+++++++++++++++++++++++++++++++++++++++
[   18.208455] cloud-init[965]: ci-info: +--------+-------+-----------------------------+---------------+--------+-------------------+
[   18.210448] cloud-init[965]: ci-info: | Device |   Up  |           Address           |      Mask     | Scope  |     Hw-Address    |
[   18.216934] cloud-init[965]: ci-info: +--------+-------+-----------------------------+---------------+--------+-------------------+
[   18.219834] cloud-init[965]: ci-info: | enp0s3 |  True |          10.0.2.15          | 255.255.255.0 | global | 08:00:27:8e:78:f0 |
[   18.225365] cloud-init[965]: ci-info: | enp0s3 |  True | fe80::a00:27ff:fe8e:78f0/64 |       .       |  link  | 08:00:27:8e:78:f0 |
[   18.232563] cloud-init[965]: ci-info: | enp0s8 | False |              .              |       .       |   .    | 08:00:27:77:ca:9d |
[   18.236356] cloud-init[965]: ci-info: |   lo   |  True |          127.0.0.1          |   255.0.0.0   |  host  |         .         |
[   18.244407] cloud-init[965]: ci-info: |   lo   |  True |           ::1/128           |       .       |  host  |         .         |
[   18.252830] cloud-init[965]: ci-info: +--------+-------+-----------------------------+---------------+--------+-------------------+
[   18.254542] cloud-init[965]: ci-info: +++++++++++++++++++++++++++Route IPv4 info++++++++++++++++++++++++++++
[   18.256369] cloud-init[965]: ci-info: +-------+-------------+----------+---------------+-----------+-------+
[   18.260588] cloud-init[965]: ci-info: | Route | Destination | Gateway  |    Genmask    | Interface | Flags |
[   18.264454] cloud-init[965]: ci-info: +-------+-------------+----------+---------------+-----------+-------+
[   18.272527] cloud-init[965]: ci-info: |   0   |   0.0.0.0   | 10.0.2.2 |    0.0.0.0    |   enp0s3  |   UG  |
[   18.274419] cloud-init[965]: ci-info: |   1   |   10.0.2.0  | 0.0.0.0  | 255.255.255.0 |   enp0s3  |   U   |
[   18.280473] cloud-init[965]: ci-info: +-------+-------------+----------+---------------+-----------+-------+
[   18.283218] cloud-init[965]: ci-info: +++++++++++++++++++Route IPv6 info+++++++++++++++++++
[   18.285502] cloud-init[965]: ci-info: +-------+-------------+---------+-----------+-------+
[   18.292977] cloud-init[965]: ci-info: | Route | Destination | Gateway | Interface | Flags |
[   18.294217] cloud-init[965]: ci-info: +-------+-------------+---------+-----------+-------+
[   18.296611] cloud-init[965]: ci-info: |   0   |  fe80::/64  |    ::   |   enp0s3  |   U   |
[   18.300613] cloud-init[965]: ci-info: |   4   |   ff00::/8  |    ::   |   enp0s3  |   U   |
[   18.304501] cloud-init[965]: ci-info: +-------+-------------+---------+-----------+-------+
[   18.308332] cloud-init[965]: Generating public/private rsa key pair.
[   18.312297] cloud-init[965]: Your identification has been saved in /etc/ssh/ssh_host_rsa_key.
[   18.313754] cloud-init[965]: Your public key has been saved in /etc/ssh/ssh_host_rsa_key.pub.
[   18.316250] cloud-init[965]: The key fingerprint is:
[   18.318572] cloud-init[965]: SHA256:PlqKPCzXS8Clh89NjcB7QbNVnm46RPZcrrhLx9I4k7Y root@ubuntu-xenial
[   18.320737] cloud-init[965]: The key's randomart image is:
[[0;32m  OK  [0m] Started Initial cloud-init job (metadata service crawler).
[[0;32m  OK  [0m] Reached target System Initialization.
[   18.325148] cloud-init[965]: +---[RSA 2048]----+
         Starting Socket activation for snappy daemon.
[[0;32m  OK  [0m] Listening on ACPID Listen Socket.
[   18.327852] cloud-init[965]: |        o ...    |
[   18.331074] cloud-init[965]: |     . . + . .   |
[   18.332375] cloud-init[965]: |      + o o o .  |
[   18.342681] cloud-init[[0;32m  OK  [0m] Started ACPI Events Check.
[[0;32m  OK  [0m] Reached target Paths.
[[0;32m  OK  [0m] Started Daily Cleanup of Temporary Directories.[965]: |   . + o * + o   |
[   18.349989] cloud-init[965]: |    = o S o = .  |
[   18.352385] cloud-init[965]: |     = = . O .   |
[   18.355176] cloud-init[965]: |   . .+ = % =    |
[[0;32m  OK  [0m] Listening on UUID daemon activation socket.

[   18.362116] cloud-init[965]: |  ..+o.+ + O     |
         Starting LXD - unix socket.
[[0;32m  OK  [0m] Started Daily apt download activities.
[   18.366532] cloud-init[965]: |   oo.+.  E.     |
[[0;32m  OK  [0m] Started Daily apt upgrade and clean activities.
[[0;32m  OK  [0m] Reached target Timers.
[[0;32m  OK  [0m] Listening on D-Bus System Message Bus Socket.
[[0;32m  OK  [0m] Reached target Network is Online.
[   18.367943] cloud-init[965]: +----[SHA256]-----+
         Starting iSCSI initiator daemon (iscsid)...
[   18.383135] cloud-init[965]: Generating public/private dsa key pair.[[0;32m  OK  [0m] Reached target Cloud-config availability.
[[0;32m  OK  [0m] Listening on Socket activation for snappy daemon.
[[0;32m  OK  [0m] Listening on LXD - unix socket.

[   18.389217] cloud-init[965]: Your identification has been saved in /etc/ssh/ssh_host_dsa_key.
[   18.392173] cloud-init[965]: Your public key has been saved in /etc/ssh/ssh_host_dsa_key.pub.
[   18.394508] cloud-init[965]: The key fingerprint is:
[   18.396803] cloud-init[965]: SHA256:j+N0R05vVXXlQ9ZRYraGKm0skd7WLhwB/2227En0M7A root@ubuntu-xenial
[   18.404268] cloud-init[965]: The key's randomart image is:
[   18.407574] cloud-init[965]: +---[DSA 1024]----+
[   18.420387] cloud-init[965]: |        .     ++X|
[[0;32m  OK  [0m] Started iSCSI initiator daemon (iscsid).
[   18.422265] cloud-init[965]: |         +   +o++|
[   18.424192] cloud-init[965]: |        o o . o.o|
[   18.427031] cloud-init[965]: |       . = = o  o|
[   18.432577] cloud-init[965]: |        S O =.= .|
[   18.440915] cloud-init[965]: |         O * *o+ |
         Starting Login to default iSCSI targets...
[[0;32m  OK  [0m] Reached target Sockets.
[[0;32m  OK  [0m] Reached target Basic System.[   18.444101] cloud-init[965]: |        + = +E*o.|
[   18.444739] cloud-init[965]: |       o o o + .o|
[   18.445368] cloud-init[965]: |        .     o  |
[   18.445971] cloud-init[965]: +----[SHA256]-----+
[   18.446674] cloud-init[965]: Generating public/private ecdsa key pair.
[   18.447439] cloud-init[965]: 
Your identification has been saved in /etc/ssh/ssh_host_ecdsa_key.[[0;32m  OK  [0m] Started Regular background program processing daemon.

         Starting LXD - container startup/shutdown...
[   18.456498] cloud-init         Starting LSB: MD monitoring daemon...[965]: Your public key has been saved in /etc/ssh/ssh_host_ecdsa_key.pub.
[[0;32m  OK  [0m] Started ACPI event daemon.
[[0;32m  OK  [0m] Started FUSE filesystem for LXC.

         Starting Virtualbox guest utils...
         Starting /etc/rc.local Compatibility...
         Starting Accounts Service...
         Starting Login Service...
         [   18.528659] Starting Pollinate to seed the pseudo random number generator...
[[0;32m  OK  [0m] Started Deferred execution scheduler.
         Starting LSB: Record successful boot for GRUB...
[[0;32m  OK  [0m] Started D-Bus System Message Bus.
cloud-init[965]: The key fingerprint is:
[   18.567067] cloud-init[965]: SHA256:69yRsCTAF67gk5kfxN9PTr5lIuDkUNO/z55RkrLxo6o root@ubuntu-xenial
[   18.580680] cloud-init[965]: The key's randomart image is:
[   18.588707] cloud-init[965]: +---[ECDSA 256]---+
[   18.602234] [[0;32m  OK  [0m] Started Unattended Upgrades Shutdown.
         Starting System Logging Service...
cloud-init[965]: |      .          |         Starting Snappy daemon...
[[0;32m  OK  [0m
] Started /etc/rc.local Compatibility.
[   18.648535] cloud-init[965]: |   o . o         |
[   18.670862] cloud-init[965]: |  . = = .        |
[   18.724519] cloud-init[965]: [[0;32m  OK  [0m] Started Login to default iSCSI targets.
| . * * o .   .   |
[   18.733143] cloud-init[965]: |  * + = S * o .  |[[0;32m  OK  [0m] Started System Logging Service.

[   18.756455] cloud-init[965]: |   o * + X B o   |
[   18.784272] cloud-init[965]: [[0;32m  OK  [0m|    . o + X *    |
[   18.801707] cloud-init[965]: |       o o X +   |
[   18.802351] cloud-init[965]: |      E.+.+.=    |
[   18.803231] cloud-init[965]: +----[SHA256]-----+
[   18.803974] ] Started LXD - container startup/shutdown.
cloud-init[965]: Generating public/private ed25519 key pair.
[   18.884995] cloud-init[965]: Your identification has been saved in /etc/ssh/ssh_host_ed25519_key.
[[0;32m  OK  [0m] Started LSB: MD monitoring daemon.
[   18.890922] cloud-init[965]: Your public key has been saved in /etc/ssh/ssh_host_ed25519_key.pub.[[0;32m  OK  [0m] Started LSB: Record successful boot for GRUB.

[   18.905113] cloud-init[965]: The key fingerprint is:
[[0;32m  OK  [0m] Started Login Service.
[   18.918060]          Starting Authenticate and Authorize Users to Run Privileged Tasks...
[[0;32m  OK  [0m] Reached target Remote File Systems (Pre).
[[0;32m  OK  [0m] Reached target Remote File Systems.
cloud-init[965]: SHA256:uztPAqbpQ93QB8rZ+eZL2jeh9KLSOzLewBjWMv01OhY root@ubuntu-xenial
[   18.926489] cloud-init[965]: The key's randomart image is:
         Starting Permit User Sessions...
         Starting LSB: Set the CPU Frequency Scaling governor to "ondemand"...
         Starting LSB: automatic crash report generation...
         Starting LSB: daemon to balance interrupts for SMP systems...
[[0;32m  OK  [0m] Started Permit User Sessions.
[   19.003964] cloud-init[965]: +--[ED25519 256]--+
[   19.021866] cloud-init[965]: |                 |
         Starting Hold until boot process finishes up...
         Starting Terminate Plymouth Boot Screen...
[[0;32m  OK  [0m] Started Hold until boot process finishes up.
[   19.059519] [[0;32m  OK  [0m] Started Terminate Plymouth Boot Screen.
[[0;32m  OK  [0m] Started LSB: Set the CPU Frequency Scaling governor to "ondemand".
cloud-init[965]: |        .        |
         Starting Set console scheme...
[[0;32m  OK  [0m] Started Serial Getty on ttyS0.
[[0;32m  OK  [0m] [   19.122097] Started Getty on tty1.
[[0;32m  OK  [0m] Reached target Login Prompts.
[[0;32m  OK  [0m] Started Set console scheme.
cloud-init[965]: |     . = o       |
[   19.156198] cloud-init[965]: |     o= + .      |
[[0;32m  OK  [0m] Started Authenticate and Authorize Users to Run Privileged Tasks.
[[0;32m  OK  [0m] Started Accounts Service.
[   19.184826] cloud-init[965]: |    =.=oEoo      |
[[0;32m  OK  [0m] Started LSB: automatic crash report generation.
[[0;32m  OK  [0m] Started LSB: daemon to balance interrupts for SMP systems.
[   19.206503] cloud-init[965]: |   ..X.o.=+..    |
[   19.221368] cloud-init[965]: |   .+ o.B+oo .   |
[   19.224779] cloud-init[965]: |   .. +++O+ +    |
[   19.235873] cloud-init[965]: |    .o.+BB++ .   |
[   19.239660] cloud-init[965]: +----[SHA256]-----+
[[0;32m  OK  [0m] Started Virtualbox guest utils.
[[0;32m  OK  [0m] Started Snappy daemon.
         Starting Wait until snapd is fully seeded...
[[0;32m  OK  [0m] Started Pollinate to seed the pseudo random number generator.
         Starting OpenBSD Secure Shell server...
[[0;32m  OK  [0m] Started OpenBSD Secure Shell server.
[[0;32m  OK  [0m] Created slice User Slice of vagrant.
         Starting User Manager for UID 1000...
[[0;32m  OK  [0m] Started Session 1 of user vagrant.
[[0;32m  OK  [0m] Started User Manager for UID 1000.
[[0;32m  OK  [0m] Started Wait until snapd is fully seeded.
         Starting Apply the settings specified in cloud-config...
[[0;32m  OK  [0m] Reached target Multi-User System.
[[0;32m  OK  [0m] Reached target Graphical Interface.
         Starting Update UTMP about System Runlevel Changes...
[[0;32m  OK  [0m] Started Update UTMP about System Runlevel Changes.
[   25.284550] cloud-init[1425]: Generating locales (this might take a while)...

Ubuntu 16.04.6 LTS ubuntu-xenial ttyS0

ubuntu-xenial login: [   27.259143] cloud-init[1425]:   en_US.UTF-8... done
[   27.266172] cloud-init[1425]: Generation complete.
[   28.067429] cloud-init[1425]: Cloud-init v. 18.5-45-g3554ffe8-0ubuntu1~16.04.1 running 'modules:config' at Thu, 16 May 2019 13:30:45 +0000. Up 25.05 seconds.
ci-info: no authorized ssh keys fingerprints found for user ubuntu.
<14>May 16 13:30:49 ec2: 
<14>May 16 13:30:49 ec2: #############################################################
<14>May 16 13:30:49 ec2: -----BEGIN SSH HOST KEY FINGERPRINTS-----
<14>May 16 13:30:49 ec2: 1024 SHA256:j+N0R05vVXXlQ9ZRYraGKm0skd7WLhwB/2227En0M7A root@ubuntu-xenial (DSA)
<14>May 16 13:30:49 ec2: 256 SHA256:69yRsCTAF67gk5kfxN9PTr5lIuDkUNO/z55RkrLxo6o root@ubuntu-xenial (ECDSA)
<14>May 16 13:30:49 ec2: 256 SHA256:uztPAqbpQ93QB8rZ+eZL2jeh9KLSOzLewBjWMv01OhY root@ubuntu-xenial (ED25519)
<14>May 16 13:30:49 ec2: 2048 SHA256:PlqKPCzXS8Clh89NjcB7QbNVnm46RPZcrrhLx9I4k7Y root@ubuntu-xenial (RSA)
<14>May 16 13:30:49 ec2: -----END SSH HOST KEY FINGERPRINTS-----
<14>May 16 13:30:49 ec2: #############################################################
-----BEGIN SSH HOST KEY KEYS-----
ecdsa-sha2-nistp256 AAAAE2VjZHNhLXNoYTItbmlzdHAyNTYAAAAIbmlzdHAyNTYAAABBBAcsN59L6ChOpZYg+S4aCLJ6q3Dw6fiB1JmvJXA56yAMQSvo+X8Y0Dl37kYDr1cUyU3fhPyNafop246VGvJi2u8= root@ubuntu-xenial
ssh-ed25519 AAAAC3NzaC1lZDI1NTE5AAAAIIRHuXvI33/tgmYi+aD1TSt9HWiONj2FY/ZXDSql+pSo root@ubuntu-xenial
ssh-rsa AAAAB3NzaC1yc2EAAAADAQABAAABAQDNHtkZIWnO6qIybQ/DBJgtXhw1/acO6g2njCicv2I2GaQUf/emIOryBW01XmkI1Z/pDRTxYWuYHOWADnPkWm01T8Sin6efCOv/Ut8Jq/Yac8I3vtoQlEdXElbyd0eF9tdk5KKOUJK1Tyjfl2FoNtoCtcqhWimgsQZfFjLP3+4oELFWxtwMPMrA1sQc/rtYyBZlxJ7jFzg+rL0nFfH6q6hooyM0k9jrMt5+mukZO7N5/T2PTsu1BT6Mmwxe3kFovqoIte1a+eEPYyBzpf/GwIbsacC08ELTU0dK9yXISgH/PVrYXXQezgxdagyn7nqwNKfz9DJJx5HgoDUmf3jy6ulh root@ubuntu-xenial
-----END SSH HOST KEY KEYS-----
[   29.651194] cloud-init[1638]: Cloud-init v. 18         Stopping Session 2 of user vagrant.
         Stopping ACPI event daemon...
         Stopping Session 3 of user vagrant.
[[0;32m  OK  [0m] Stopped target Graphical Interface.
[[0;32m  OK  [0m] Closed Load/Save RF Kill Switch Status /dev/rfkill Watch.
         Stopping User Manager for UID 1000...
[[0;32m  OK  [0m] Stopped target RPC Port Mapper.
[[0;32m  OK  [0m] Stopped target Cloud-init tar[[0;32m  OK  [0m] Stopped target Graphical Interface.
[[0;32m  OK  [0m] Stopped target Timers.
         Stopping ACPI event daemon...
         Stopping User Manager for UID 1000...
         Stopping Session 3 of user vagrant.
         Stopping Accounts Service...
[[0;32m  OK  [0m] Stopped target Cloud-init target.
[[0;32m  OK  [0m] Stopped Execute cloud user/final scripts.
[[0;32m  OK  [0m] Closed Load/Save RF Kill Switch Status /dev/rfkill Watch.
[[0;32m  OK  [0m] Stopped Daily Cleanup of Temporary Directories.
         Stopping Authenticate and Authorize Users to Run Privileged Tasks...
[[0;32m  OK  [0m] Stopped target Multi-User System.
         Stopping LSB: Set the CPU Frequency Scaling governor to "ondemand"...
[[0;32m  OK  [0m] Stopped kubelet: The Kubernetes Node Agent.
         Stopping LSB: automatic crash report generation...
         Stopping Docker Application Container Engine...
         Stopping Deferred execution scheduler...
         Stopping D-Bus System Message Bus...
         Stopping FUSE filesystem for LXC...
         Stopping Virtualbox guest utils...
         Stopping LSB: MD monitoring daemon...
         Stopping LSB: Set up cgroupfs mounts....
         Stopping System Logging Service...
[[0;32m  OK  [0m] Stopped target RPC Port Mapper.
         Stopping Regular background program processing daemon...
[[0;32m  OK  [0m] Stopped target Login Prompts.
         Stopping Serial Getty on ttyS0...
         Stopping Getty on tty1...
         Stopping LSB: Record successful boot for GRUB...
         Stopping LSB: daemon to balance interrupts for SMP systems...
         Stopping LXD - container startup/shutdown...
         Stopping Session 2 of user vagrant.
[[0;32m  OK  [0m] Stopped Apply the settings specified in cloud-config.
[[0;32m  OK  [0m] Stopped Wait until snapd is fully seeded.
[[0;32m  OK  [0m] Stopped target Cloud-config availability.
[[0;32m  OK  [0m] Stopped Daily apt upgrade and clean activities.
[[0;32m  OK  [0m] Stopped Daily apt download activities.
         Stopping OpenBSD Secure Shell server...
[[0;32m  OK  [0m] Stopped target System Time Synchronized.
         Stopping Unattended Upgrades Shutdown...
[[0;32m  OK  [0m] Unmounted /var/lib/docker/aufs.
[[0;32m  OK  [0m] Unmounted /var/lib/lxcfs.
[[0;32m  OK  [0m] Stopped Regular background program processing daemon.
[[0;32m  OK  [0m] Stopped ACPI event daemon.
[[0;32m  OK  [0m] Stopped Accounts Service.
[[0;32m  OK  [0m] Stopped Deferred execution scheduler.
[[0;32m  OK  [0m] Stopped System Logging Service.
[[0;32m  OK  [0m] Stopped Authenticate and Authorize Users to Run Privileged Tasks.
[[0;32m  OK  [0m] Stopped Serial Getty on ttyS0.
[[0;32m  OK  [0m] Stopped Getty on tty1.
[[0;32m  OK  [0m] Stopped OpenBSD Secure Shell server.
[[0;32m  OK  [0m] Stopped User Manager for UID 1000.
[[0;32m  OK  [0m] Stopped Session 3 of user vagrant.
[[0;32m  OK  [0m] Stopped D-Bus System Message Bus.
[[0;32m  OK  [0m] Stopped LSB: Set up cgroupfs mounts..
[[0;32m  OK  [0m] Stopped Session 2 of user vagrant.
[[0;32m  OK  [0m] Stopped FUSE filesystem for LXC.
[[0;32m  OK  [0m] Stopped Unattended Upgrades Shutdown.
[[0;32m  OK  [0m] Stopped LXD - container startup/shutdown.
[[0;32m  OK  [0m] Stopped LSB: Set the CPU Frequency Scaling governor to "ondemand".
[[0;32m  OK  [0m] Stopped LSB: MD monitoring daemon.
[[0;32m  OK  [0m] Stopped LSB: Record successful boot for GRUB.
[[0;32m  OK  [0m] Stopped LSB: automatic crash report generation.
[[0;32m  OK  [0m] Stopped Virtualbox guest utils.
[[0;32m  OK  [0m] Stopped LSB: daemon to balance interrupts for SMP systems.
[[0;32m  OK  [0m] Removed slice User Slice of vagrant.
         Stopping Login Service...
[[0;32m  OK  [0m] Removed slice system-getty.slice.
[[0;32m  OK  [0m] Stopped /etc/rc.local Compatibility.
[[0;32m  OK  [0m] Removed slice system-serial\x2dgetty.slice.
         Stopping Permit User Sessions...
[[0;32m  OK  [0m] Stopped Login Service.
[[0;32m  OK  [0m] Stopped Permit User Sessions.
[[0;32m  OK  [0m] Stopped target Remote File Systems.
[[0;32m  OK  [0m] Stopped target Remote File Systems (Pre).
         Stopping RPC bind portmap service...
         Stopping Login to default iSCSI targets...
[[0;32m  OK  [0m] Stopped target User and Group Name Lookups.
[[0;32m  OK  [0m] Stopped RPC bind portmap service.
[[0;32m  OK  [0m] Stopped Docker Application Container Engine.
[[0;32m  OK  [0m] Stopped Login to default iSCSI targets.
         Stopping iSCSI initiator daemon (iscsid)...
[[0;32m  OK  [0m] Stopped target Basic System.
[[0;32m  OK  [0m] Stopped target Slices.
[[0;32m  OK  [0m] Removed slice User and Session Slice.
[[0;32m  OK  [0m] Stopped target Paths.
[[0;32m  OK  [0m] Stopped ACPI Events Check.
[[0;32m  OK  [0m] Stopped Dispatch Password Requests to Console Directory Watch.
[[0;32m  OK  [0m] Stopped Forward Password Requests to Wall Directory Watch.
[[0;32m  OK  [0m] Stopped target Sockets.
[[0;32m  OK  [0m] Closed D-Bus System Message Bus Socket.
[[0;32m  OK  [0m] Closed RPCbind Server Activation Socket.
[[0;32m  OK  [0m] Closed Syslog Socket.
[[0;32m  OK  [0m] Closed LXD - unix socket.
[[0;32m  OK  [0m] Closed Socket activation for snappy daemon.
[[0;32m  OK  [0m] Closed ACPID Listen Socket.
[[0;32m  OK  [0m] Closed UUID daemon activation socket.
[[0;32m  OK  [0m] Closed Docker Socket for the API.
[[0;32m  OK  [0m] Stopped target System Initialization.
[[0;32m  OK  [0m] Stopped Create Volatile Files and Directories.
[[0;32m  OK  [0m] Stopped target Swap.
[[0;32m  OK  [0m] Stopped Commit a transient machine-id on disk.
         Stopping Load/Save Random Seed...
         Stopping LSB: ebtables ruleset management...
[[0;32m  OK  [0m] Stopped target Encrypted Volumes.
[[0;32m  OK  [0m] Stopped iSCSI initiator daemon (iscsid).
[[0;32m  OK  [0m] Stopped Load/Save Random Seed.
[[0;32m  OK  [0m] Stopped target Network is Online.
[[0;32m  OK  [0m] Stopped Initial cloud-init job (metadata service crawler).
[[0;32m  OK  [0m] Stopped target Network.
         Stopping Raise network interfaces...
[[0;32m  OK  [0m] Stopped LSB: ebtables ruleset management.
[[0;32m  OK  [0m] Stopped Raise network interfaces.
[[0;32m  OK  [0m] Stopped target Network (Pre).
[[0;32m  OK  [0m] Stopped Initial cloud-init job (pre-networking).
[[0;32m  OK  [0m] Stopped Apply Kernel Variables.
[[0;32m  OK  [0m] Stopped Load Kernel Modules.
[[0;32m  OK  [0m] Stopped target Local File Systems.
         Unmounting /run/user/1000...
         Unmounting /vagrant...
[[0;32m  OK  [0m] Unmounted /run/user/1000.
[[0;1;31mFAILED[0m] Failed unmounting /vagrant.
[[0;32m  OK  [0m] Reached target Unmount All Filesystems.
[[0;32m  OK  [0m] Stopped target Local File Systems (Pre).
         Stopping Monitoring of LVM2 mirrors... dmeventd or progress polling...
[[0;32m  OK  [0m] Stopped Remount Root and Kernel File Systems.
[[0;32m  OK  [0m] Stopped Create Static Device Nodes in /dev.
[[0;32m  OK  [0m] Reached target Shutdown.
[  540.683582] reboot: Power down
filesystem...
         Unmounting /vagrant...
         Unmounting /run/user/1000...
[[0;32m  OK  [0m] Stopped Apply Kernel Variables.
[[0;32m  OK  [0m] Stopped Load Kernel Modules.
[[0;32m  OK  [0m] Unmounted NFSD configuration filesystem.
[[0;32m  OK  [0m] Unmounted /run/user/1000.
[[0;1;31mFAILED[0m] Failed unmounting /vagrant.
[[0;32m  OK  [0m] Reached target Unmount All Filesystems.
[[0;32m  OK  [0m] Stopped target Local File Systems (Pre).
[[0;32m  OK  [0m] Stopped Remount Root and Kernel File Systems.
         Stopping Monitoring of LVM2 mirrors... dmeventd or progress polling...
[[0;32m  OK  [0m] Stopped Create Static Device Nodes in /dev.
[[0;32m  OK  [0m] Reached target Shutdown.
[  735.382955] reboot: Power down
