[    .000000] Initializing cgroup subsys cpuset
[    0.000000] Initializing cgroup subsys cpu
[    0.000000] Initializing cgroup subsys cpuacct
[    0.000000] Linux version 4.4.0-72-generic (buildd@lcy01-17) (gcc version 5.4.0 20160609 (Ubuntu 5.4.0-6ubuntu1~16.04.4) ) #93-Ubuntu SMP Fri Mar 31 14:07:41 UTC 2017 (Ubuntu 4.4.0-72.93-generic 4.4.49)
[    0.000000] Command line: BOOT_IMAGE=/boot/vmlinuz-4.4.0-72-generic root=UUID=3f513ff0-5157-487f-95f9-0886b2752eda ro console=tty1 console=ttyS0
[    0.000000] KERNEL supported cpus:
[    0.000000]   Intel GenuineIntel
[    0.000000]   AMD AuthenticAMD
[    .00000]   Centaur CentaurHauls
[   0.00000 x86fpu:Legacy x87 FP dtected.[   0.0000 x86fpu: Using 'lazy' FPU context switches.
[    0.000000] e820: BIOS-provided physical RAM map:
[    0.000000] BIOS-e820: [mem 0x0000000000000000-0x000000000009fbff] uabe
[    0.000000] BIOS-e820: [mem0x000000009fc-00000000009ff resved
[  0.0000] BIOS-e820: [mem 0x0000000000f000-0000000000ffff] eserved
[    00000 BIOS-82: [mm 0x0000000000100000-0x00000000dffeffff] usable
[    0.000000] BIOS-e820: [mem 0x00000000dfff0000-0x00000000dfffffff] ACPI data
[    0.000000] BIOS-e8: [memx000000fffc00-0x000000ffffffff] reserved
[    0.000000] BIOS-e820: [mem 0x000000000000-0000000fdfff]usab
[   0.000] N(EecutDisable) proction:aciv
    0.000000] SMBIO2.5 reent.
[   0.000000] e820: last_pfn= x11fe00 axrch_n = 04000000
[    0.000000] MTRR: Disabled
[    0.000000] x86/PAT: MTRRs disabled, skippngPAT niializtin to.
[    000000 x8/PAT Cfiguaton0-7] W  WT  UC UC B  WTUC UC 
    0.0000 C MTRRs all blank - virtuaizd syem.
[   00000] 820: last_pfn 0xdff0ax_arh_fn  000000000[    0.000000]fond SM M-taleat [mm 0x009fff0-0x009ff] apped at [ffff88000009fff0]
[    0.000000] Scanning 1 reasfor owemorycorrptn
[   .00000] AMISK:mem 362320-0x310ff][   0.0000ACI: Early table checksum verification disabled
[    0.000000] ACPI: RSDP 0x00000000000E000000024 02VBOX )
[  0.0000] ACI: SDT 0x000000DFF030 000C (v1 BOX  VOXXSDT 00000001 ASL 00000061)
[    0.000000] ACPI: FACP 0x0000000DFFF0F 0004 (v0 VX   VBFACP000000 A  000006)
[   0.00000] AI: DS 0000000DF040 00BF (v0 VOX  VBXBIO000002INTL0100528
[    000000]ACI:FAS 0x000000DFFF20 00000
[   0.0000] ACI:FACSx000000DF020 0040[    0.000000] ACPI: APIC 0x00000000DFFF0240 0000C v02 OX  BOAPIC000001ASL 00006
[   0.0000 ACP: SSDT0x000000DFF020 0001CC (v01 VBOX   VBOXCPUT 00000002 INTL 20100528)
[    0.000000] No NUMA configuration found
[    0.000000] Faking a node at [mem 0x0000000000000000-0x000000011fdfffff]
[    0.000000] NODE_DATA(0) allocated [mem 0x11fdf9000-0x11fdfdfff]
[    0.000000] Zone ranges:
[    0.000000]   DMA      [mem 0x0000000000001000-0x0000000000ffffff]
[    0.000000]   DMA32    [mem 0x0000000001000000-0x00000000ffffffff]
[    0.000000]   Normal   [mem 0x0000000100000000-0x000000011fdfffff]
[    0.000000]   Device   empty
[    0.000000] Movable zone start for each node
[    0.000000] Early memory node ranges
[    0.000000]   node   0: [mem 0x0000000000001000-0x000000000009efff]
[    0.000000]   node   0:[mm 0x00000010000-0000000dfefff][   .00000  no  0: [m 0x0000000100000000-0x000000011fdfffff]
[  00000] Inme setp ode  [me 0x00000000100-0000001fdfff]    0000] CP P-Timr IO Prt: x408
[   .0000] IAPIC[0]: apic_id 2, version 17, address 0xfec00000, GSI 0-23
[    0.000000] ACP: INSRC_VR(bus busrq 0 globl_ir 2dfl l)
   0.0000]CP: INSRC_R bus 0bu_irq  gbal_iq  higleve
[   .0000]UsinACPI(MDT) or SMP configuration information
[    0.000000] smpboot: Allowing 2 CPUs, 0 hotplug CPU
    0.000000] PM: Rgitered nosave memory: [mem 0x00000000-0x00000fff]
[    0.000000] P: egistered nosave memory: [mem 0x0009f000-0x0009ffff]
[    0.000000] PM: Registered nosave memory: [mem 0x000a0000-0x000effff]
[    0.000000] PM: Registered nosave memory: [mem 0x000f0000-0x000fffff]
[    0.000000] PM: Registre nosave memory: [mem 0xdfff0000-0xdfffffff]
[    0.000000] PM: Registered osve emry: [me 0e0000000-0xfffbffff]
[    0.000000] PM: Registered nosave memoy: mem 0xfffc0000-0xffffffff
[    0.000000] e820: [mem 0xe0000000-0xfffbffff] available for PCI devices
[    0.000000] Booting paravirtualized kernel on bare hardware
[    0.000000] clocksource: refined-jiffies: mask: 0xffffffff max_cycles: 0xffffffff, max_idle_ns: 7645519600211568 ns
[    0.000000] setup_percpu: NR_CPUS:512 nr_cpumask_bits:512 nr_cpu_ids:2 nr_node_id:1
[   .00000 PERPU Ebeded 3 agespu@fff8011a0000 s9824 81922871u14857
[    00000]uilt znelitsinode orer moblit groung on  Ttal pge: 10553
[  0.0000] Pocy zone: Normal
[    0.000000] Kernelcommd in BOTIME=/botvmliz-4.0-2-enric otUU=3f513f0-15748f-959-86b22edao onso=ttyconsol=tyS0
[   0.0000] PID hash table entries: 4096 (order: 3, 32768 bytes)
[    0.000000] Memor: 02580K41980K avilble(82K knel od 1293K data,396K rat, 14K init,136K s, 165940K reserved, 0K cma-reserved)
[    0.000000] SLUB: HWaln=64,rder-3 Minbjects= CPU2, Nes=1
[   .00000 Hierrcical CUimplementation.
[    .00000]	Bild-time adusmenof lea fnout t 6.
[    0.000000] 	RCU restricting CPUs from NR_CPUS=512 to nr_cpu_ids=2.
[    0.0000] RCUAdjutig geetryor r_fant_lef=4, r_puds2    0000] NR_RQ:330 n_ir:4406
[   .0000 Conol: colour VGA+ 80x25
[    0.000000] console [tty1] enabled
[    0.000000]cosole[tyS0] enale
[    0.000000] tsc: Unable to calibrate against PIT
[    0.000000] tsc: using PMTIMER reference calibration
[    0.000000] tsc: Detected 2296.735 MHz processor
[    0.024079] Calibrating delay loop (skipped), value calculated using timer frequency.. 4593.47 BogoMIPS (lpj=9186940)
[    0.032017] pid_max: default: 32768 minimum: 301
[    0.040034] ACPI: Core revision 20150930
[    0.046070] ACPI: 2 ACPI AML tables successfully acquired and loaded
[    0.048794] Security Framework initialized
[    0.052032] Yama: becoming mindful.
[    0.056045] AppArmor: AppArmor initialized
[    0.064205] Dentry cache hash table entries: 524288 (order: 10, 4194304 bytes)
[    0.084231] Inode-cache hash table entries: 262144 (order: 9, 2097152 bytes)
[    0.088323] Mount-cache hash table entries: 8192 (order: 4, 65536 bytes)
[    0.092037] Mountpoint-cache hash table entries: 8192 (order: 4, 65536 bytes)
[    0.096209] Initializing cgroup subsys io
[    0.100030] Initializing cgroup subsys memory
[    0.104031] Initializing cgroup subsys devices
[    0.112021] Initializing cgroup subsys freezer
[    0.116020] Initializing cgroup subsys net_cls
[    0.120022] Initializing cgroup subsys perf_event
[    0.124023] Initializing cgroup subsys net_prio
[    0.128027] Initializing cgroup subsys hugetlb
[    0.132023] Initializing cgroup subsys pids
[    0.136150] CPU: Physical Processor ID: 0
[    0.144012] CPU: Processor Core ID: 0
[    0.146408] mce: CPU supports 0 MCE banks
[    0.148042] Last level iTLB entries: 4KB 64, 2MB 8, 4MB 8
[    0.152014] Last level dTLB entries: 4KB 64, 2MB 0, 4MB 0, 1GB 4
[    0.160083] Freeing SMP alternatives memory: 32K (ffffffff820b8000 - ffffffff820c0000)
[    0.177750] ftrace: allocating 32111 entries in 126 pages
[    0.188680] smpboot: APIC(0) Converting physical 0 to logical package 0
[    0.192017] smpboot: Max logical packages: 1
[    0.197481] ..TIMER: vector=0x30 apic1=0 pin1=2 apic2=-1 pin2=-1
[    0.248000] APIC calibration not consistent with PM-Timer: 101ms instead of 100ms
[    0.248000] APIC delta adjusted to PM-Timer: 6238552 (6301173)
[    0.248085] smpboot: CPU0: Intel(R) Core(TM) i5-5300U CPU @ 2.30GHz (family: 0x6, model: 0x3d, stepping: 0x4)
[    0.264021] Performance Events: unsupported p6 CPU model 61 no PMU driver, software events only.
[    0.277018] NMI watchdog: disabled (cpu0): hardware events not enabled
[    0.280014] NMI watchdog: Shutting down hard lockup detector on all cpus
[    0.292814] x86: Booting SMP configuration:
[    0.296014] .... node  #0, CPUs:      #1
[    0.028000] mce: CPU supports 0 MCE banks
[    0.312058] x86: Booted up 1 node, 2 CPUs
[    0.316020] smpboot: Total of 2 processors activated (9186.94 BogoMIPS)
[    0.320337] devtmpfs: initialized
[    0.329325] evm: security.selinux
[    0.332013] evm: security.SMACK64
[    0.340020] evm: security.SMACK64EXEC
[    0.348009] evm: security.SMACK64TRANSMUTE
[    0.356013] evm: security.SMACK64MMAP
[    0.360015] evm: security.ima
[    0.364014] evm: security.capability
[    0.372029] clocksource: jiffies: mask: 0xffffffff max_cycles: 0xffffffff, max_idle_ns: 7645041785100000 ns
[    0.508178] pinctrl core: initialized pinctrl subsystem
[    0.640264] RTC time:  4:46:51, date: 04/12/17
[    0.688374] NET: Registered protocol family 16
[    0.704035] cpuidle: using governor ladder
[    0.808021] cpuidle: using governor menu
[    0.876019] PCCT header not found.
[    0.956088] ACPI: bus type PCI registered
[    1.000011] acpiphp: ACPI Hot Plug PCI Controller Driver version: 0.5
[    1.004142] PCI: Using configuration type 1 for base access
[    1.025327] ACPI: Added _OSI(Module Device)
[    1.036037] ACPI: Added _OSI(Processor Device)
[    1.040008] ACPI: Added _OSI(3.0 _SCP Extensions)
[    1.044008] ACPI: Added _OSI(Processor Aggregator Device)
[    1.045557] ACPI: Executed 1 blocks of module-level executable AML code
[    1.104529] ACPI: Interpreter enabled
[    1.116024] ACPI: (supports S0 S5)
[    1.116024] ACPI: Using IOAPIC for interrupt routing
[    1.192196] PCI: Using host bridge windows from ACPI; if necessary, use "pci=nocrs" and report a bug
[    1.359119] ACPI: PCI Root Bridge [PCI0] (domain 0000 [bus 00-ff])
[    1.376025] acpi PNP0A03:00: _OSC: OS supports [ASPM ClockPM Segments MSI]
[    1.384025] acpi PNP0A03:00: _OSC failed (AE_NOT_FOUND); disabling ASPM
[    1.388023] acpi PNP0A03:00: fail to add MMCONFIG information, can't access extended PCI configuration space under this bridge.
[    1.416459] PCI host bridge to bus 0000:00
[    1.424016] pci_bus 0000:00: root bus resource [io  0x0000-0x0cf7 window]
[    1.436017] pci_bus 0000:00: root bus resource [io  0x0d00-0xffff window]
[    1.452018] pci_bus 0000:00: root bus resource [mem 0x000a0000-0x000bffff window]
[    1.464018] pci_bus 0000:00: root bus resource [mem 0xe0000000-0xffdfffff window]
[    1.468016] pci_bus 0000:00: root bus resource [bus 00-ff]
[    1.484828] pci 0000:00:01.1: legacy IDE quirk: reg 0x10: [io  0x01f0-0x01f7]
[    1.487394] pci 0000:00:01.1: legacy IDE quirk: reg 0x14: [io  0x03f6]
[    1.488010] pci 0000:00:01.1: legacy IDE quirk: reg 0x18: [io  0x0170-0x0177]
[    1.492012] pci 0000:00:01.1: legacy IDE quirk: reg 0x1c: [io  0x0376]
[    1.638294] ACPI: PCI Interrupt Link [LNKA] (IRQs 5 9 10 11) *0, disabled.
[    1.649277] ACPI: PCI Interrupt Link [LNKB] (IRQs 5 9 10 *11)
[    1.652986] ACPI: PCI Interrupt Link [LNKC] (IRQs 5 9 *10 11)
[    1.658912] ACPI: PCI Interrupt Link [LNKD] (IRQs 5 *9 10 11)
[    1.661050] ACPI: Enabled 2 GPEs in block 00 to 07
[    1.664213] vgaarb: setting as boot device: PCI:0000:00:02.0
[    1.666306] vgaarb: device added: PCI:0000:00:02.0,decodes=io+mem,owns=io+mem,locks=none
[    1.672013] vgaarb: loaded
[    1.684156] vgaarb: bridge control possible 0000:00:02.0
[    1.699992] SCSI subsystem initialized
[    1.708101] ACPI: bus type USB registered
[    1.712048] usbcore: registered new interface driver usbfs
[    1.716034] usbcore: registered new interface driver hub
[    1.732073] usbcore: registered new device driver usb
[    1.736139] PCI: Using ACPI for IRQ routing
[    1.744400] NetLabel: Initializing
[    1.764013] NetLabel:  domain hash size = 128
[    1.772011] NetLabel:  protocols = UNLABELED CIPSOv4
[    1.776035] NetLabel:  unlabeled traffic allowed by default
[    1.780096] amd_nb: Cannot enumerate AMD northbridges
[    1.784104] clocksource: Switched to clocksource refined-jiffies
[    1.832044] AppArmor: AppArmor Filesystem Enabled
[    1.940097] pnp: PnP ACPI init
[    2.016707] pnp: PnP ACPI: found 4 devices
[    2.113852] clocksource: acpi_pm: mask: 0xffffff max_cycles: 0xffffff, max_idle_ns: 2085701024 ns
[    2.224141] clocksource: Switched to clocksource acpi_pm
[    2.344428] NET: Registered protocol family 2
[    2.454365] TCP established hash table entries: 32768 (order: 6, 262144 bytes)
[    2.543458] TCP bind hash table entries: 32768 (order: 7, 524288 bytes)
[    2.625883] TCP: Hash tables configured (established 32768 bind 32768)
[    2.765598] UDP hash table entries: 2048 (order: 4, 65536 bytes)
[    2.828899] UDP-Lite hash table entries: 2048 (order: 4, 65536 bytes)
[    2.831397] NET: Registered protocol family 1
[    2.833529] pci 0000:00:00.0: Limiting direct PCI/PCI transfers
[    2.837050] pci 0000:00:01.0: Activating ISA DMA hang workarounds
[    2.841007] Unpacking initramfs...
[    4.148643] Freeing initrd memory: 15228K (ffff880036232000 - ffff880037111000)
[    4.283543] PCI-DMA: Using software bounce buffering for IO (SWIOTLB)
[    4.291462] software IO TLB [mem 0xdbff0000-0xdfff0000] (64MB) mapped at [ffff8800dbff0000-ffff8800dffeffff]
[    4.431090] RAPL PMU detected, API unit is 2^-32 Joules, 4 fixed counters 10737418240 ms ovfl timer
[    4.449806] hw unit of domain pp0-core 2^-0 Joules
[    4.453722] hw unit of domain package 2^-0 Joules
[    4.455996] hw unit of domain dram 2^-0 Joules
[    4.461907] hw unit of domain pp1-gpu 2^-0 Joules
[    4.466236] platform rtc_cmos: registered platform RTC device (no PNP device found)
[    4.471997] Scanning for low memory corruption every 60 seconds
[    4.483234] futex hash table entries: 512 (order: 3, 32768 bytes)
[    4.486550] audit: initializing netlink subsys (disabled)
[    4.493338] audit: type=2000 audit(1491972394.491:1): initialized
[    4.517259] Initialise system trusted keyring
[    4520338HueTB egtere 2B ge siz p-aoced 0 pages

[    5.464142] tsc: Refined TSC clocsorce alraio: 2296.849 MHz
[    5.464146] clocksource: tsc: mask: 0xffffffffffffffff max_cycles: 0x211b9477804, max_idle_ns: 440795249772 ns
[    6.482978] clocksource: Switched to clocksource tsc
[    6.484595] zbud: loaded
[    6.484801] VFS: Disk quotas dquot_6.6.0
[    6.484834] VFS: Dquot-cache hash table entries: 512 (order 0, 4096 bytes)
[    6.485106] squashfs: version 4.0 (2009/01/31) Phillip Lougher
[    6.485389] fuse init (API version 7.23)
[    6.485525] Key type big_key registered
[    6.485561] Allocating IMA MOK and blacklist keyrings.
[    6.486221] Key type asymmetric registered
[    6.486225] Asymmetric key parser 'x509' registered
[    6.486267] Block layer SCSI generic (bsg) driver version 0.4 loaded (major 249)
[    6.486330] io scheduler noop registered
[    6.486334] io scheduler deadline registered (default)
[    6.486364] io scheduler cfq registered
[    6.486463] pci_hotplug: PCI Hot Plug PCI Core version: 0.5
[    6.486473] pciehp: PCI Express Hot Plug Controller Driver version: 0.4
[    6.486622] ACPI: AC Adapter [AC] (off-line)
[    6.486676] input: Power Button as /devices/LNXSYSTM:00/LNXPWRBN:00/input/input0
[    6.486680] ACPI: Power Button [PWRF]
[    6.486744] input: Sleep Button as /devices/LNXSYSTM:00/LNXSLPBN:00/input/input1
[    6.486747] ACPI: Sleep Button [SLPF]
[    6.486913] GHES: HEST is not enabled!
[    6.487529] ACPI: Battery Slot [BAT0] (battery present)
[    6.487579] Serial: 8250/16550 driver, 32 ports, IRQ sharing enabled
[    6.509967] 00:03: ttyS0 at I/O 0x3f8 (irq = 4, base_baud = 115200) is a 16550A
[    6.567960] Linux agpgart interface v0.103
[    6.572221] loop: module loaded
[    6.572995] scsi host0: ata_piix
[    6.573125] scsi host1: ata_piix
[    6.573181] ata1: PATA max UDMA/33 cmd 0x1f0 ctl 0x3f6 bmdma 0xd000 irq 14
[    6.573186] ata2: PATA max UDMA/33 cmd 0x170 ctl 0x376 bmdma 0xd008 irq 15
[    6.573268] libphy: Fixed MDIO Bus: probed
[    6.573272] tun: Universal TUN/TAP device driver, 1.6
[    6.573275] tun: (C) 1999-2004 Max Krasnyansky <maxk@qualcomm.com>
[    6.573833] PPP generic driver version 2.4.2
[    6.573911] ehci_hcd: USB 2.0 'Enhanced' Host Controller (EHCI) Driver
[    6.573917] ehci-pci: EHCI PCI platform driver
[    6.573929] ehci-platform: EHCI generic platform driver
[    6.573939] ohci_hcd: USB 1.1 'Open' Host Controller (OHCI) Driver
[    6.573943] ohci-pci: OHCI PCI platform driver
[    6.573952] ohci-platform: OHCI generic platform driver
[    6.573960] uhci_hcd: USB Universal Host Controller Interface driver
[    6.574026] i8042: PNP: PS/2 Controller [PNP0303:PS2K,PNP0f03:PS2M] at 0x60,0x64 irq 1,12
[    6.575041] serio: i8042 KBD port at 0x60,0x64 irq 1
[    6.575053] serio: i8042 AUX port at 0x60,0x64 irq 12
[    6.575194] mousedev: PS/2 mouse device common for all mice
[    6.575746] input: AT Translated Set 2 keyboard as /devices/platform/i8042/serio0/input/input2
[    6.576664] rtc_cmos rtc_cmos: rtc core: registered rtc_cmos as rtc0
[    6.576766] rtc_cmos rtc_cmos: alarms up to one day, 114 bytes nvram
[    6.576782] i2c /dev entries driver
[    6.576875] device-mapper: uevent: version 1.0.3
[    6.576953] device-mapper: ioctl: 4.34.0-ioctl (2015-10-28) initialised: dm-devel@redhat.com
[    6.576979] ledtrig-cpu: registered to indicate activity on CPUs
[    6.577345] NET: Registered protocol family 10
[    6.577767] NET: Registered protocol family 17
[    6.577781] Key type dns_resolver registered
[    6.577995] microcode: CPU0 sig=0x306d4, pf=0x2, revision=0x19
[    6.574504] microcode: CPU1 sig=0x306d4, pf=0x2, revision=0x19
[    6.582972] microcode: Microcode Update Driver: v2.01 <tigran@aivazian.fsnet.co.uk>, Peter Oruba
[    6.583201] registered taskstats version 1
[    6.583220] Loading compiled-in X.509 certificates
[    6.584310] Loaded X.509 cert 'Build time autogenerated kernel key: 04ae903e4643330d1fe41947e79c28b436494994'
[    6.584353] zswap: loaded using pool lzo/zbud
[    6.587220] Key type trusted registered
[    6.592598] Key type encrypted registered
[    6.592607] AppArmor: AppArmor sha1 policy hashing enabled
[    6.592611] ima: No TPM chip found, activating TPM-bypass!
[    6.592628] evm: HMAC attrs: 0x1
[    6.592971]   Magic number: 13:545:767
[    6.616567] rtc_cmos rtc_cmos: setting system clock to 2017-04-12 04:46:57 UTC (1491972417)
[    6.616772] BIOS EDD facility v0.16 2004-Jun-25, 0 devices found
[    6.616776] EDD information not available.
[    7.259995] Freeing unused kernel memory: 1484K (ffffffff81f45000 - ffffffff820b8000)
[    7.311831] Write protecting the kernel read-only data: 14336k
[    7.373959] Freeing unused kernel memory: 1776K (ffff880001844000 - ffff880001a00000)
[    7.467793] Freeing unused kernel memory: 120K (ffff880001de2000 - ffff880001e00000)
Loading, please wait...
starting version[    7.501558] random: systemd-udevd: uninitialized urandom read (16 bytes read, 3 bits of entropy available)
 229
[    7.502393] random: udevadm: uninitialized urandom read (16 bytes read, 3 bits of entropy available)
[    7.502441] random: udevadm: uninitialized urandom read (16 bytes read, 3 bits of entropy available)
[    7.502595] random: udevadm: uninitialized urandom read (16 bytes read, 3 bits of entropy available)
[    7.502655] random: udevadm: uninitialized urandom read (16 bytes read, 3 bits of entropy available)
[    7.502728] random: udevadm: uninitialized urandom read (16 bytes read, 3 bits of entropy available)
[    7.502788] random: udevadm: uninitialized urandom read (16 bytes read, 3 bits of entropy available)
[    7.502851] random: udevadm: uninitialized urandom read (16 bytes read, 3 bits of entropy available)
[    7.502909] random: udevadm: uninitialized urandom read (16 bytes read, 3 bits of entropy available)
[    7.502967] random: udevadm: uninitialized urandom read (16 bytes read, 3 bits of entropy available)
[    7.604997] e1000: Intel(R) PRO/1000 Network Driver - version 7.3.21-k8-NAPI
[    7.607763] e1000: Copyright (c) 1999-2006 Intel Corporation.
[    7.617789] Fusion MPT base driver 3.04.20
[    7.620598] Copyright (c) 1999-2008 LSI Corporation
[    7.641364] Fusion MPT SPI Host driver 3.04.20
[    7.942810] input: ImExPS/2 Generic Explorer Mouse as /devices/platform/i8042/serio1/input/input4
[    8.120493] e1000 0000:00:03.0 eth0: (PCI:33MHz:32-bit) 02:6f:83:38:c1:e5
[    8.226170] e1000 0000:00:03.0 eth0: Intel(R) PRO/1000 Network Connection
[    8.820681] e1000 0000:00:08.0 eth1: (PCI:33MHz:32-bit) 08:00:27:25:8e:c2
[    8.868412] e1000 0000:00:08.0 eth1: Intel(R) PRO/1000 Network Connection
[    8.990096] e1000 0000:00:08.0 enp0s8: renamed from eth1
[    8.996535] mptbase: ioc0: Initiating bringup
[    9.084605] e1000 0000:00:03.0 enp0s3: renamed from eth0
[    9.133341] ioc0: LSI53C1030 A0: Capabilities={Initiator}
[    9.312946] scsi host2: ioc0: LSI53C1030 A0, FwRev=00000000h, Ports=1, MaxQ=256, IRQ=20
[   10.210706] scsi 2:0:0:0: Direct-Access     VBOX     HARDDISK         1.0  PQ: 0 ANSI: 5
[   10.268899] scsi target2:0:0: Beginning Domain Validation
[   10.305149] scsi target2:0:0: Domain Validation skipping write tests
[   10.431815] scsi target2:0:0: Ending Domain Validation
[   10.483050] scsi target2:0:0: asynchronous
[   10.792578] floppy0: no floppy controllers found
[   10.798421] scsi 2:0:1:0: Direct-Access     VBOX     HARDDISK         1.0  PQ: 0 ANSI: 5
[   10.817768] scsi target2:0:1: Beginning Domain Validation
[   10.832092] scsi target2:0:1: Domain Validation skipping write tests
[   10.839891] scsi target2:0:1: Ending Domain Validation
[   10.848151] scsi target2:0:1: asynchronous
[   10.866946] sd 2:0:0:0: Attached scsi generic sg0 type 0
[   10.885359] sd 2:0:0:0: [sda] 20971520 512-byte logical blocks: (10.7 GB/10.0 GiB)
[   10.907096] sd 2:0:0:0: [sda] Write Protect is off
[   10.908623] sd 2:0:1:0: Attached scsi generic sg1 type 0
[   10.966837] sd 2:0:1:0: [sdb] 20480 512-byte logical blocks: (10.5 MB/10.0 MiB)
[   10.966886] sd 2:0:0:0: [sda] Incomplete mode parameter data
[   10.966890] sd 2:0:0:0: [sda] Assuming drive cache: write through
[   10.981830]  sda: sda1
[   10.982865] sd 2:0:0:0: [sda] Attached SCSI disk
[   10.992048] sd 2:0:1:0: [sdb] Write Protect is off
[   11.097094] sd 2:0:1:0: [sdb] Incomplete mode parameter data
[   11.241230] sd 2:0:1:0: [sdb] Assuming drive cache: write through
[   11.362507] sd 2:0:1:0: [sdb] Attached SCSI disk
Begin: Loading e[   12.837354] md: linear personality registered for level -1
ssential drivers[   12.983827] md: multipath personality registered for level -4
 ... [   13.087867] md: raid0 personality registered for level 0
[   13.178036] md: raid1 personality registered for level 1
[   13.364095] raid6: sse2x1   gen()  4032 MB/s
[   13.532140] raid6: sse2x1   xor()  5154 MB/s
[   13.608094] raid6: sse2x2   gen()  5526 MB/s
[   13.716131] raid6: sse2x2   xor()  3328 MB/s
[   13.812844] raid6: sse2x4   gen()  6385 MB/s
[   13.892076] raid6: sse2x4   xor()  4116 MB/s
[   13.893783] raid6: using algorithm sse2x4 gen() 6385 MB/s
[   13.897578] raid6: .... xor() 4116 MB/s, rmw enabled
[   13.906050] raid6: using ssse3x2 recovery algorithm
[   13.916367] xor: measuring software checksum speed
[   13.956101]    prefetch64-sse: 11125.000 MB/sec
[   13.997147]    generic_sse: 15377.000 MB/sec
[   13.999551] xor: using function: generic_sse (15377.000 MB/sec)
[   14.004169] async_tx: api initialized (async)
[   14.018373] md: raid6 personality registered for level 6
[   14.040103] md: raid5 personality registered for level 5
[   14.053099] md: raid4 personality registered for level 4
[   14.062738] md: raid10 personality registered for level 10
done.
Begin: Running /scripts/init-premount ... done.
Begin: Mountin[   14.141428] Btrfs loaded
g root file system ... Begin: Running /scripts/local-top ... done.
Begin: Runni[   14.187826] EXT4-fs (sda1): INFO: recovery required on readonly filesystem
ng /scripts/loca[   14.306027] EXT4-fs (sda1): write access will be enabled during recovery
l-premount ... Scanning for Btrfs filesystems
done.
Warning: fsck not present, so skipping root file system
[   14.485997] EXT4-fs (sda1): orphan cleanup on readonly fs
[   14.544935] EXT4-fs (sda1): 6 orphan inodes deleted
[   14.555618] EXT4-fs (sda1): recovery complete
[   14.561255] EXT4-fs (sda1): mounted filesystem with ordered data mode. Opts: (null)
done.
Begin: Running /scripts/local-bottom ... done.
Begin: Running /scripts/init-bottom ... done.
[   14.723924] systemd[1]: systemd 229 running in system mode. (+PAM +AUDIT +SELINUX +IMA +APPARMOR +SMACK +SYSVINIT +UTMP +LIBCRYPTSETUP +GCRYPT +GNUTLS +ACL +XZ -LZ4 +SECCOMP +BLKID +ELFUTILS +KMOD -IDN)
[   14.777897] systemd[1]: Detected virtualization oracle.
[   14.779996] systemd[1]: Detected architecture x86-64.

Welcome to [1mUbuntu 16.04.2 LTS[0m!

[   14.813080] systemd[1]: Set hostname to <openstack>.
[   15.059449] systemd[1]: Listening on udev Kernel Socket.
[[0;32m  OK  [0m] Listening on udev Kernel Socket.
[  1190436] systemd[1]: Set up automount Arbitrary ExecutableFie orts File System Automount Point.
[[0;32m  OK  [0m] Set up automount Arbitrary Executab...ats File System Automount Point.
[   15.980763] systemd[1]: Listening on /dev/initctl Compatibility Named Pipe.
[[0;32m  OK  [0m] Listening on /dev/initctl Compatibility Named Pipe.
[   16.184580] systemd[1]: Reached target Swap.
[[0;32m  OK  [0m] Reached target Swap.
[   16.284673] systemd[1]: Listening on Journal Audit Socket.
[[0;32m  OK  [0m] Listening on Journal Audit Socket.
[   16.484960] systemd[1]: Listening on LVM2 poll daemon socket.
[[0;32m  OK  [0m] Listening on LVM2 poll daemon socket.
[   16.573132] systemd[1]: Listening on Journal Socket.
[[0;32m  OK  [0m] Listening on Journal Socket.
[   16.614746] systemd[1]: Created slice User and Session Slice.
[[0;32m  OK  [0m] Created slice User and Session Slice.
[  16.65072] systemd[1]: Reached target Encrypted Volumes.

[[0;32m  OK  [0m] Reached target Encrypted Volumes.
[   16.925489] systemd[1]: Listening on udev Control Socket.
[[0;32m  OK  [0m] Listening on udev Control Socket.
[ 17.004387] systemd[1]: Listenin oDece-mpeevt damoFIs.
[[0;32m  OK  [0m] Listening on Device-mapper event daemon FIFOs.
[ 182285] stemd[1]: State ForarPawod Requsttoall reor Wtc
[[0;32m  OK  [0m] Started Forward Password Requests to Wall Directory Watch.
[  20.4480] stem[1 Rch tget se and Group Name ooups
[[0;32m  OK  [0m] Reached target User and Group Name Lookups.
[   1.35] std[: Listni oJonaSocket (/dev/log).

[[0;32m  OK  [0m] Listening on Journal Socket (/dev/log).
[   27071] systemd[1]: Crete slice System Slice.
[[0;32m  OK  [0m] Created slice System Slice.
[   23.213533] systemd[1]: Starting Set console keymap...
[   23.214572] random: nonblocking pool is initialized
         Starting Set console keymap...
[   23.300829] systemd[1]: Created slice system-serial\x2dgetty.slice.
[[0;32m  OK  [0m] Created slice system-serial\x2dgetty.slice.
[   23.441150] systemd[1]: Starting Nameserver information manager...
         Starting Nameserver information manager...
[   23.510863] systemd[1]: Mounting Huge Pages File System...
         Mounting Huge Pages File System...
[   23.584880] systemd[1]: Starting Uncomplicated firewall...
         Starting Uncomplicated firewall...
[   23.716464] systemd[1]: Starting Load Kernel Modules...
         Startin[   23.759455] Loading iSCSI transport class v2.0-870.
g Load Kernel Mo[   23.833059] iscsi: registered transport (tcp)
dules...
[   23.924439] systemd[1]: Mounting Debug File System...
         [   23.937572] iscsi: registered transport (iser)
Mounting Debug File System...
[   24.000308] systemd[1]: Starting Remount Root and Kernel File Systems...
         [   24.095827] EXT4-fs (sda1): re-mounted. Opts: (null)
Starting Remount Root and Kernel File Systems...
[   24.156459] systemd[1]: Starting Create list of required static device nodes for the current kernel...
         Starting Create list of required st... nodes for the current kernel...
[   24.229200] systemd[1]: Listening on Syslog Socket.
[[0;32m  OK  [0m] Listening on Syslog Socket.
[   24.293790] systemd[1]: Starting Journal Service...
         Starting Journal Service...
[   24.501536] systemd[1]: Reached target Slices.
[[0;32m  OK  [0m] Reached target Slices.
[ 2433133] sytemd1]: stni o LM2meda daen ck.
[[0;32m  OK  [0m] Listening on LVM2 metadata daemon socket.
[   26.638490] systemd[1]: Starting Monitoring of LVM2 mirrors, snapshots etc. using dmeventd or progress polling...
         Starting Monitoring of LVM2 mirrors... dmeventd or progress polling...
[   26.993524] systemd[1]: Mounting POSIX Message Queue File System...
         Mounting POSIX Message Queue File System...
[   27.010957] systemd[1]: Mounted Debug File System.
[[0;32m  OK  [0m] Mounted Debug File System.
[   27.093176] systemd[1]: Mounted Huge Pages File System.
[[0;32m  OK  [0m] Mounted Huge Pages File System.
[   27.156343] systemd[1]: Mounted POSIX Message Queue File System.
[[0;32m  OK  [0m] Mounted POSIX Message Queue File System.
[   27.229269] systemd[1]: Started Journal Service.
[[0;32m  OK  [0m] Started Journal Service.
[[0;32m  OK  [0m] Started Set console keymap.
[[0;32m  OK  [0m] Started Uncomplicated firewall.
[[0;32m  OK  [0m] Started Load Kernel Modules.
[[0;32m  OK  [0m] Started Remount Root and Kernel File Systems.
[[0;32m  OK  [0m] Started Create list of required sta...ce nodes for the current kernel.
[[0;32m  OK  [0m] Started Nameserver information manager.
[[0;32m  OK  [0m] Started LVM2 metadata daemon.
         Starting Create Static Device Nodes in /dev...
         Starting Load/Save Random Seed...
         Starting udev Coldplug all Devices...
         Starting Initial cloud-init job (pre-networking)...
         Mounting FUSE Control File System...
         Starting Apply Kernel Variables...
         Starting Flush Journal to Persistent Storage...
[[0;32m  OK  [0m] Mounted FUSE Control File System.
[[0;32m  OK  [0m] Started Monitoring of LVM2 mirrors,...ng dmeventd or progress polling.
[[0;32m  OK  [0m] Started Create Static Device Nodes in /dev.
[[0;32m  OK  [0m] Started Load/Save Random Seed.
[[0;32m  OK  [0m] Started Apply Kernel Variables.
[[0;32m  OK  [0m] Started udev Coldplug all Devices.
[[0;32m  OK  [0m] Started Flush Journal to Persistent Storage.
         Starting udev Kernel Device Manager...
[[0;32m  OK  [0m] Started udev Kernel Device Manager.
         Starting LSB: QEMU KVM module loading script...
[[0;32m  OK  [0m] Started Dispatch Password Requests to Console Directory Watch.
[[0;32m  OK  [0m] Reached target Local File Systems (Pre).
[[0;32m  OK  [0m] Reached target Local File Systems.
         Starting LSB: ebtables ruleset management...
         Starting LSB: AppArmor initialization...
         Starting Tell Plymouth To Write Out Runtime Data...
         Starting Set console font and keymap...
         Starting Create Volatile Files and Directories...
[[0;32m  OK  [0m] Started Tell Plymouth To Write Out Runtime Data.
[[0;32m  OK  [0m] Started Create Volatile Files and Directories.
[[0;32m  OK  [0m] Started LSB: ebtables ruleset management.
[[0;32m  OK  [0m] Started LSB: QEMU KVM module loading script.
[[0;32m  OK  [0m] Started LSB: AppArmor initialization.
[[0;32m  OK  [0m] Found device /dev/ttyS0.
[[0;32m  OK  [0m] Reached target System Time Synchronized.
         Starting Update UTMP about System Boot/Shutdown...
[   31.429368] cloud-init[442]: Cloud-init v. 0.7.9 running 'init-local' at Wed, 12 Apr 2017 04:47:21 +0000. Up 30.98 seconds.
[[0;32m  OK  [0m] Started Set console font and keymap.
[[0;32m  OK  [0m] Started Initial cloud-init job (pre-networking).
[[0;32m  OK  [0m] Started Update UTMP about System Boot/Shutdown.
[[0;32m  OK  [0m] Listening on Load/Save RF Kill Switch Status /dev/rfkill Watch.
[[0;32m  OK  [0m] Reached target Network (Pre).
         Starting Raise network interfaces...
[[0;32m  OK  [0m] Started ifup for enp0s8.
[[0;32m  OK  [0m] Started ifup for enp0s3.
[[0;32m  OK  [0m] Created slice system-getty.slice.
[[0;32m  OK  [0m] Started Raise network interfaces.
         Starting Initial cloud-init job (metadata service crawler)...
[[0;32m  OK  [0m] Reached target Network.
[   34.567825] cloud-init[1096]: Cloud-init v. 0.7.9 running 'init' at Wed, 12 Apr 2017 04:47:25 +0000. Up 34.29 seconds.
[   34.680521] [cloud-init[0;32m  OK  [0m[1096]: ] ci-info: ++++++++++++++++++++++++++++++++++++++Net device info++++++++++++++++++++++++++++++++++++++Started Initial cloud-init job (metadata service crawler).

[   34.680912] cloud-init[1096]: ci-info: +--------+------+-----------------------------+---------------+-------+-------------------+
[   35.010090] [cloud-init[0;32m  OK  [0m[1096]: ] ci-info: | Device |  Up  |           Address           |      Mask     | Scope |     Hw-Address    |Reached target System Initialization.

[   35.010717] cloud-init[1096]: ci-info: +--------+------+-----------------------------+---------------+-------+-------------------+
[   35.385059] [cloud-init[0;32m  OK  [0m[1096]: ] ci-info: | enp0s8 | True |        172.28.128.90        | 255.255.255.0 |   .   | 08:00:27:25:8e:c2 |Started ACPI Events Check.

[   35.386930] cloud-init[1096]: ci-info: | enp0s8 | True | fe80::a00:27ff:fe25:8ec2/64 |       .       |  link | 08:00:27:25:8e:c2 |
[   35.630426] cloud-init[1096]: ci-info: |   lo   | True |          127.0.0.1          |   255.0.0.0   |   .   |         .         |
         Starting LXD - unix socket.
[   35.632615] [cloud-init[0;32m  OK  [0m[1096]: ] ci-info: |   lo   | True |           ::1/128           |       .       |  host |         .         |Started Trigger resolvconf update for networkd DNS.

[   35.755785] cloud-init[1096]: ci-info: | enp0s3 | True |          10.0.2.15          | 255.255.255.0 |   .   | 02:6f:83:38:c1:e5 |
[[0;32m  OK  [0m] Reached target Paths.
[   35.868137] cloud-init[1096]: ci-info: | enp0s3 | True |  fe80::6f:83ff:fe38:c1e5/64 |       .       |  link | 02:6f:83:38:c1:e5 |
[[0;32m  OK  [0m] Listening on Virtual machine log manager socket.
[   36.286390] [cloud-init[0;32m  OK  [0m[1096]: ] ci-info: +--------+------+-----------------------------+---------------+-------+-------------------+Listening on D-Bus System Message Bus Socket.

[   36.287564] [cloud-init[0;32m  OK  [0m[1096]: ] ci-info: ++++++++++++++++++++++++++++Route IPv4 info++++++++++++++++++++++++++++Listening on ACPID Listen Socket.

[   36.559431] [cloud-init[0;32m  OK  [0m[1096]: ] ci-info: +-------+--------------+----------+---------------+-----------+-------+Listening on UUID daemon activation socket.

[   36.763182] cloud-init[1096]: ci-info: | Route | Destination  | Gateway  |    Genmask    | Interface | Flags |
[   37.076417] [cloud-init[0;32m  OK  [0m[1096]: ] ci-info: +-------+--------------+----------+---------------+-----------+-------+Started Daily apt activities.

[   37.224463] [cloud-init[0;32m  OK  [0m[1096]: ] ci-info: |   0   |   0.0.0.0    | 10.0.2.2 |    0.0.0.0    |   enp0s3  |   UG  |Started Timer to automatically refresh installed snaps.

[   37.224934] cloud-init[1096]: ci-info: |   1   |   10.0.2.0   | 0.0.0.0  | 255.255.255.0 |   enp0s3  |   U   |
[   37.581142]          cloud-initStarting Socket activation for snappy daemon.[1096]: 
ci-info: |   2   | 172.28.128.0 | 0.0.0.0  | 255.255.255.0 |   enp0s8  |   U   |
[   37.689594] [cloud-init[0;32m  OK  [0m[1096]: ] ci-info: +-------+--------------+----------+---------------+-----------+-------+Listening on Virtual machine lock manager socket.

[[0;32m  OK  [0m] Started Daily Cleanup of Temporary Directories.
[[0;32m  OK  [0m] Reached target Timers.
[[0;32m  OK  [0m] Reached target Network is Online.
         Starting iSCSI initiator daemon (iscsid)...
[[0;32m  OK  [0m] Reached target Cloud-config availability.
[[0;32m  OK  [0m] Listening on LXD - unix socket.
[[0;32m  OK  [0m] Listening on Socket activation for snappy daemon.
[[0;32m  OK  [0m] Reached target Sockets.
[[0;32m  OK  [0m] Reached target Basic System.
[[0;32m  OK  [0m] Started memcached daemon.
         Starting LSB: ipvsadm daemon...
         Starting /etc/rc.local Compatibility...
[[0;32m  OK  [0m] Started Cgroup management daemon.
         Starting MySQL Community Server...
         Starting Open vSwitch Internal Unit...
[[0;32m  OK  [0m] Started Regular background program processing daemon.
         Starting LSB: Set sysfs variables from /etc/sysfs.conf...
         Starting PostgreSQL RDBMS...
         Starting LSB: Record successful boot for GRUB...
         Starting Accounts Service...
         Starting OpenBSD Secure Shell server...
[[0;32m  OK  [0m] Started Deferred execution scheduler.
[[0;32m  OK  [0m] Started Snappy daemon.
         Starting Auto import assertions from block devices...
         Starting Conntrack Daemon...
         Starting (i)SCSI target daemon...
         Starting Apply the settings specified in cloud-config...
[[0;32m  OK  [0m] Started ACPI event daemon.
         Starting RabbitMQ Messaging Server...
         Starting LSB: MD monitoring daemon...
         Starting System Logging Service...
         Starting Login Service...
[[0;32m  OK  [0m] Started FUSE filesystem for LXC.
[[0;32m  OK  [0m] Started D-Bus System Message Bus.
         Starting LXD - container startup/shutdown...
[[0;32m  OK  [0m] Started OpenBSD Secure Shell server.
[[0;32m  OK  [0m] Started Conntrack Daemon.
[[0;32m  OK  [0m] Started System Logging Service.
[[0;32m  OK  [0m] Started iSCSI initiator daemon (iscsid).
[[0;32m  OK  [0m] Started /etc/rc.local Compatibility.
[[0;32m  OK  [0m] Started PostgreSQL RDBMS.
[[0;32m  OK  [0m] Started Auto import assertions from block devices.
[[0;32m  OK  [0m] Started LXD - container startup/shutdown.
[[0;32m  OK  [0m] Started LSB: ipvsadm daemon.
[[0;32m  OK  [0m] Started LSB: Set sysfs variables from /etc/sysfs.conf.
[[0;32m  OK  [0m] Started LSB: Record successful boot for GRUB.
[[0;32m  OK  [0m] Started LSB: MD monitoring daemon.
[[0;32m  OK  [0m] Started Login Service.
         Starting Authenticate and Authorize Users to Run Privileged Tasks...
         Starting Login to default iSCSI targets...
         Starting HAProxy Load Balancer...
[[0;32m  OK  [0m] Started (i)SCSI target daemon.
[[0;32m  OK  [0m] Started HAProxy Load Balancer.
[[0;32m  OK  [0m] Started Authenticate and Authorize Users to Run Privileged Tasks.
[[0;32m  OK  [0m] Started Accounts Service.
[[0;32m  OK  [0m] Started Login to default iSCSI targets.
[[0;32m  OK  [0m] Reached target Remote File Systems (Pre).
[[0;32m  OK  [0m] Reached target Remote File Systems.
         Starting LSB: Router Advertising Daemon...
         Starting LSB: automatic crash report generation...
[   40.899163] cloud-init[1233]: Cloud-init v. 0.7.9 running 'modules:config' at Wed, 12 Apr 2017 04:47:31 +0000. Up 40.15 seconds.
         Starting LSB: daemon to balance interrupts for SMP systems...
         Starting Permit User Sessions...
         Starting LSB: VirtualBox Linux Additions...
         Starting LSB: Set the CPU Frequency Scaling governor to "ondemand"...
         Starting Virtualization daemon...
         Starting LSB: Apache2 web server...
[[0;32m  OK  [0m] Started Apply the settings specified in cloud-config.
[[0;32m  OK  [0m] Started Permit User Sessions.
[[0;32m  OK  [0m] Started LSB: Router Advertising Daemon.
[[0;32m  OK  [0m] Started LSB: automatic crash report generation.
[[0;32m  OK  [0m] Started LSB: daemon to balance interrupts for SMP systems.
         Starting Terminate Plymouth Boot Screen...
         Starting Hold until boot process finishes up...
[[0;32m  OK  [0m] Started LSB: Set the CPU Frequency Scaling governor to "ondemand".
[[0;32m  OK  [0m] Started Terminate Plymouth Boot Screen.
[[0;32m  OK  [0m] Started Hold until boot process finishes up.
         Starting Set console scheme...
[[0;32m  OK  [0m] Started Getty on tty1.
[[0;32m  OK  [0m] Started Serial Getty on ttyS0.
[[0;32m  OK  [0m] Reached target Login Prompts.
[[0;32m  OK  [0m] Started Set console scheme.
[[0;32m  OK  [0m] Started LSB: VirtualBox Linux Additions.
[[0;32m  OK  [0m] Started Virtualization daemon.
         Starting Suspend Active Libvirt Guests...
[[0;32m  OK  [0m] Started Open vSwitch Internal Unit.
         Starting Open vSwitch...
[[0;32m  OK  [0m] Started Open vSwitch.
[[0;32m  OK  [0m] Started Suspend Active Libvirt Guests.
[[0;32m  OK  [0m] Started LSB: Apache2 web server.
[[0;32m  OK  [0m] Started MySQL Community Server.
[[0;32m  OK  [0m] Started RabbitMQ Messaging Server.
[[0;32m  OK  [0m] Reached target Multi-User System.
[[0;32m  OK  [0m] Reached target Graphical Interface.
         Starting Execute cloud user/final scripts...
         Starting Update UTMP about System Runlevel Changes...
[[0;32m  OK  [0m] Started Update UTMP about System Runlevel Changes.
[   45.730636] cloud-init[2443]: Cloud-init v. 0.7.9 running 'modules:final' at Wed, 12 Apr 2017 04:47:36 +0000. Up 45.60 seconds.
[[   45.858174] [0;32m  OK  [0mcloud-init] [2443]: Started Execute cloud user/final scripts.Cloud-init v. 0.7.9 finished at Wed, 12 Apr 2017 04:47:36 +0000. Datasource DataSourceNoCloud [seed=/dev/sdb][dsmode=net].  Up 45.72 seconds

[[0;32m  OK  [0m] Reached target Cloud-init target.

Ubuntu 16.04.2 LTS openstack ttyS0

openstack login: [[0;32m  OK  [0m] Stopped target Timers.
[[0;32m  OK  [0m] Stopped Daily apt activities.
         Stopping ACPI event daemon...
         Stopping Authenticate and Authorize Users to Run Privileged Tasks...
[[0;32m  OK  [0m] Stopped target Graphical Interface.
         Stopping Session 3 of user ubuntu.
         Stopping Session 2 of user ubuntu.
[[0;2         Stopping (i)SCSI target daemon...
         Stopping OpenBSD Secure Shell server...
[[0;32m  OK  [0m] Closed Load/Save RF Kill Switch Status /dev/rfkill Watch.
         Stopping MySQL Community Server...
         Stopping LSB: Set sysfs variables from /etc/sysfs.conf...
         Stopping LSB: daemon to balance interrupts for SMP systems...
[[0;32m  OK  [0m] Stopped Daily Cleanup of Temporary Directories.
         Stopping Session 4 of user ubuntu.
[[0;32m  OK  [0m] Stopped Timer to automatically refresh installed snaps.
         Stopping User Manager for UID 1000...
         Stopping Cgroup management daemon...
[[0;32m  OK  [0m] Unmounted /var/lib/lxcfs.
[[0;32m  OK  [0m] Stopped memcached daemon.
[[0;32m  OK  [0m] Stopped Cgroup management daemon.
[[0;32m  OK  [0m] Stopped Regular background program processing daemon.
[[0;32m  OK  [0m] Stopped Accounts Service.
[[0;32m  OK  [0m] Stopped OpenBSD Secure Shell server.
[[0;32m  OK  [0m] Stopped Deferred execution scheduler.
[[0;32m  OK  [0m] Stopped Snappy daemon.
[[0;32m  OK  [0m] Stopped Conntrack Daemon.
[[0;32m  OK  [0m] Stopped ACPI event daemon.
[[0;32m  OK  [0m] Stopped Authenticate and Authorize Users to Run Privileged Tasks.
[[0;32m  OK  [0m] Stopped HAProxy Load Balancer.
[[0;32m  OK  [0m] Stopped Getty on tty1.
[[0;32m  OK  [0m] Stopped Serial Getty on ttyS0.
[[0;32m  OK  [0m] Stopped User Manager for UID 1000.
[[0;32m  OK  [0m] Stopped Open vSwitch.
[[0;32m  OK  [0m] Stopped MySQL Community Server.
[[0;32m  OK  [0m] Stopped Session 3 of user ubuntu.
[[0;32m  OK  [0m] Stopped RabbitMQ Messaging Server.
[[0;32m  OK  [0m] Stopped FUSE filesystem for LXC.
[[0;32m  OK  [0m] Stopped LXD - container startup/shutdown.
[[0;32m  OK  [0m] Stopped (i)SCSI target daemon.
[[0;32m  OK  [0m] Stopped LSB: Set the CPU Frequency Scaling governor to "ondemand".
[[0;32m  OK  [0m] Stopped LSB: VirtualBox Linux Additions.
[[0;32m  OK  [0m] Stopped LSB: MD monitoring daemon.
[[0;32m  OK  [0m] Stopped LSB: automatic crash report generation.
[  338.924727] libvirt-guests.sh[3148]: Running guests on default URI: no running guests.
[[0;32m  OK  [0m] Stopped Suspend Active Libvirt Guests.
[[0;32m  OK  [0m] Stopped LSB: ipvsadm daemon.
[[0;32m  OK  [0m] Stopped LSB: Router Advertising Daemon.
[[0;32m  OK  [0m] Stopped LSB: Record successful boot for GRUB.
[[0;32m  OK  [0m] Stopped LSB: Set sysfs variables from /etc/sysfs.conf.
[[0;32m  OK  [0m] Stopped LSB: daemon to balance interrupts for SMP systems.
         Stopping Virtualization daemon...
[[0;32m  OK  [0m] Stopped target System Time Synchronized.
         Stopping Open vSwitch Internal Unit...
[[0;32m  OK  [0m] Removed slice system-serial\x2dgetty.slice.
[[0;32m  OK  [0m] Stopped /etc/rc.local Compatibility.
[[0;32m  OK  [0m] Removed slice system-getty.slice.
         Stopping System Logging Service...
[[0;32m  OK  [0m] Stopped System Logging Service.
[[0;32m  OK  [0m] Stopped Virtualization daemon.
[[0;32m  OK  [0m] Stopped LSB: Apache2 web server.
[[0;32m  OK  [0m] Stopped Session 2 of user ubuntu.
[[0;32m  OK  [0m] Stopped Session 4 of user ubuntu.
[[0;32m  OK  [0m] Stopped User Manager for UID 1000.
[[0;32m  OK  [0m] Removed slice User Slice of ubuntu.
         Stopping Login Service...
         Stopping Permit User Sessions...
         Stopping D-Bus System Message Bus...
[[0;32m  OK  [0m] Stopped Login Service.
[[0;32m  OK  [0m] Stopped Permit User Sessions.
[[0;32m  OK  [0m] Stopped D-Bus System Message Bus.
[[0;32m  OK  [0m] Stopped target Remote File Systems.
[[0;32m  OK  [0m] Stopped target Remote File Systems (Pre).
         Stopping Login to default iSCSI targets...
[[0;32m  OK  [0m] Stopped target User and Group Name Lookups.
[[0;32m  OK  [0m] Stopped Open vSwitch Internal Unit.
[[0;32m  OK  [0m] Stopped Login to default iSCSI targets.
         Stopping iSCSI initiator daemon (iscsid)...
[[0;32m  OK  [0m] Stopped target Basic System.
[[0;32m  OK  [0m] Stopped target Paths.
[[0;32m  OK  [0m] Stopped Dispatch Password Requests to Console Directory Watch.
[[0;32m  OK  [0m] Stopped Trigger resolvconf update for networkd DNS.
[[0;32m  OK  [0m] Stopped Forward Password Requests to Wall Directory Watch.
[[0;32m  OK  [0m] Stopped ACPI Events Check.
[[0;32m  OK  [0m] Stopped target Slices.
[[0;32m  OK  [0m] Removed slice User and Session Slice.
[[0;32m  OK  [0m] Stopped target Sockets.
[[0;32m  OK  [0m] Closed LXD - unix socket.
[[0;32m  OK  [0m] Closed Virtual machine lock manager socket.
[[0;32m  OK  [0m] Closed Socket activation for snappy daemon.
[[0;32m  OK  [0m] Closed Syslog Socket.
[[0;32m  OK  [0m] Closed ACPID Listen Socket.
[[0;32m  OK  [0m] Closed D-Bus System Message Bus Socket.
[[0;32m  OK  [0m] Closed Virtual machine log manager socket.
[[0;32m  OK  [0m] Closed UUID daemon activation socket.
[[0;32m  OK  [0m] Stopped target System Initialization.
[[0;32m  OK  [0m] Stopped target Swap.
[[0;32m  OK  [0m] Stopped target Encrypted Volumes.
         Stopping LSB: ebtables ruleset management...
         Stopping Update UTMP about System Boot/Shutdown...
         Stopping Load/Save Random Seed...
[[0;32m  OK  [0m] Stopped iSCSI initiator daemon (iscsid).
[[0;32m  OK  [0m] Stopped Load/Save Random Seed.
[[0;32m  OK  [0m] Stopped Update UTMP about System Boot/Shutdown.
[[0;32m  OK  [0m] Stopped Create Volatile Files and Directories.
[[0;32m  OK  [0m] Stopped target Network is Online.
[[0;32m  OK  [0m] Stopped Initial cloud-init job (metadata service crawler).
[[0;32m  OK  [0m] Stopped target Network.
         Stopping Raise network interfaces...
[[0;32m  OK  [0m] Stopped LSB: ebtables ruleset management.
[[0;32m  OK  [0m] Stopped Raise network interfaces.
[[0;32m  OK  [0m] Stopped target Network (Pre).
[[0;32m  OK  [0m] Stopped Initial cloud-init job (pre-networking).
[[0;32m  OK  [0m] Stopped Apply Kernel Variables.
[[0;32m  OK  [0m] Stopped Load Kernel Modules.
[[0;32m  OK  [0m] Stopped target Local File Systems.
         Unmounting /run/user/1000...
         Unmounting /home/vicky/Documents...
         Unmounting /vagrant...
         Starting Unattended Upgrades Shutdown...
         Unmounting /run/cgmanager/fs...
[[0;32m  OK  [0m] Unmounted /run/user/1000.
[[0;32m  OK  [0m] Unmounted /home/vicky/Documents.
[[0;32m  OK  [0m] Unmounted /vagrant.
[[0;32m  OK  [0m] Started Unattended Upgrades Shutdown.
[[0;32m  OK  [0m] Unmounted /run/cgmanager/fs.
[[0;32m  OK  [0m] Reached target Unmount All Filesystems.
[[0;32m  OK  [0m] Stopped target Local File Systems (Pre).
[[0;32m  OK  [0m] Stopped Create Static Device Nodes in /dev.
[[0;32m  OK  [0m] Stopped Remount Root and Kernel File Systems.
[[0;32m  OK  [0m] Reached target Shutdown.
[ 46.129146] reboot: Power down
